16:16:24 [INFO] Node-1: Node initialized. State: FOLLOWER, Term: 0
16:16:24 [INFO] Node-1: Server started listening on 127.0.0.1:50051
16:16:28 [WARNING] Node-1: Election timeout (4.16s > 4.12s). Starting election...
16:16:28 [INFO] Node-1: Became CANDIDATE. Term: 1. Requesting votes...
16:16:32 [WARNING] Node-1: Election timeout (4.16s > 4.12s). Starting election...
16:16:32 [INFO] Node-1: Became CANDIDATE. Term: 2. Requesting votes...
16:16:36 [WARNING] Node-1: Election timeout (4.16s > 4.12s). Starting election...
16:16:36 [INFO] Node-1: Became CANDIDATE. Term: 3. Requesting votes...
16:16:41 [WARNING] Node-1: Election timeout (4.15s > 4.12s). Starting election...
16:16:41 [INFO] Node-1: Became CANDIDATE. Term: 4. Requesting votes...
16:16:45 [WARNING] Node-1: Election timeout (4.15s > 4.12s). Starting election...
16:16:45 [INFO] Node-1: Became CANDIDATE. Term: 5. Requesting votes...
16:16:49 [WARNING] Node-1: Election timeout (4.16s > 4.12s). Starting election...
16:16:49 [INFO] Node-1: Became CANDIDATE. Term: 6. Requesting votes...
16:16:53 [WARNING] Node-1: Election timeout (4.15s > 4.12s). Starting election...
16:16:53 [INFO] Node-1: Became CANDIDATE. Term: 7. Requesting votes...
16:16:57 [WARNING] Node-1: Election timeout (4.16s > 4.12s). Starting election...
16:16:57 [INFO] Node-1: Became CANDIDATE. Term: 8. Requesting votes...
16:16:58 [INFO] Node-1: Server stopped.
17:13:02 [INFO] Node-1: Node initialized. State: FOLLOWER, Term: 0
17:13:02 [INFO] Node-1: Server started listening on 127.0.0.1:50051
17:13:07 [WARNING] Node-1: Election timeout (4.91s). Starting election...
17:13:07 [INFO] Node-1: Became CANDIDATE. Term: 1. Requesting votes...
17:13:07 [INFO] Node-1: Vote received from Node 2. Total: 2
17:13:11 [WARNING] Node-1: Election timeout (4.05s). Starting election...
17:13:11 [INFO] Node-1: Became CANDIDATE. Term: 2. Requesting votes...
17:13:11 [INFO] Node-1: Vote received from Node 2. Total: 2
17:13:16 [WARNING] Node-1: Election timeout (4.78s). Starting election...
17:13:16 [INFO] Node-1: Became CANDIDATE. Term: 3. Requesting votes...
17:13:16 [INFO] Node-1: Vote received from Node 2. Total: 2
17:13:21 [INFO] Node-1: Voted YES for Node 2 in Term 4
17:13:50 [INFO] Node-1: Voted YES for Node 3 in Term 5
17:13:55 [INFO] Node-1: Voted YES for Node 3 in Term 6
17:14:00 [INFO] Node-1: Voted YES for Node 3 in Term 7
17:14:06 [INFO] Node-1: Voted YES for Node 3 in Term 8
17:14:11 [INFO] Node-1: Voted YES for Node 3 in Term 9
17:14:16 [INFO] Node-1: Voted YES for Node 3 in Term 10
17:14:21 [INFO] Node-1: Voted YES for Node 3 in Term 11
17:14:27 [INFO] Node-1: Voted YES for Node 3 in Term 12
17:14:31 [INFO] Node-1: Voted YES for Node 3 in Term 13
17:14:35 [INFO] Node-1: Voted YES for Node 3 in Term 14
17:14:40 [INFO] Node-1: Voted YES for Node 3 in Term 15
17:14:45 [INFO] Node-1: Voted YES for Node 3 in Term 16
17:14:49 [INFO] Node-1: Voted YES for Node 3 in Term 17
17:14:54 [INFO] Node-1: Voted YES for Node 3 in Term 18
17:14:57 [INFO] Node-1: Voted YES for Node 3 in Term 19
17:15:01 [INFO] Node-1: Voted YES for Node 3 in Term 20
17:15:05 [INFO] Node-1: Voted YES for Node 3 in Term 21
17:15:10 [INFO] Node-1: Voted YES for Node 3 in Term 22
17:15:13 [INFO] Node-1: Voted YES for Node 3 in Term 23
17:15:19 [INFO] Node-1: Voted YES for Node 3 in Term 24
17:15:25 [INFO] Node-1: Voted YES for Node 3 in Term 25
17:15:29 [INFO] Node-1: Voted YES for Node 3 in Term 26
17:15:34 [INFO] Node-1: Voted YES for Node 3 in Term 27
17:15:37 [INFO] Node-1: Voted YES for Node 3 in Term 28
17:15:43 [INFO] Node-1: Voted YES for Node 3 in Term 29
17:15:47 [INFO] Node-1: Voted YES for Node 3 in Term 30
17:15:51 [INFO] Node-1: Voted YES for Node 3 in Term 31
17:15:57 [INFO] Node-1: Voted YES for Node 3 in Term 32
17:16:02 [INFO] Node-1: Voted YES for Node 3 in Term 33
17:16:08 [WARNING] Node-1: Election timeout (6.02s). Starting election...
17:16:08 [INFO] Node-1: Became CANDIDATE. Term: 34. Requesting votes...
17:16:12 [WARNING] Node-1: Election timeout (4.14s). Starting election...
17:16:12 [INFO] Node-1: Became CANDIDATE. Term: 35. Requesting votes...
17:16:14 [INFO] Node-1: Server stopped.
17:17:02 [INFO] Node-1: Node initialized. State: FOLLOWER, Term: 0
17:17:02 [INFO] Node-1: Server started listening on 127.0.0.1:50051
17:17:07 [WARNING] Node-1: Election timeout (4.36s). Starting election...
17:17:07 [INFO] Node-1: Became CANDIDATE. Term: 1. Requesting votes...
17:17:07 [DEBUG] Node-1: Vote received from Node 2. Total: 2
17:17:11 [WARNING] Node-1: Election timeout (4.78s). Starting election...
17:17:11 [INFO] Node-1: Became CANDIDATE. Term: 2. Requesting votes...
17:17:12 [DEBUG] Node-1: Vote received from Node 2. Total: 2
17:17:12 [DEBUG] Node-1: Vote received from Node 3. Total: 3
17:17:12 [INFO] Node-1: *** BECAME LEADER (Term 2) ***
17:21:22 [INFO] Node-1: Server stopped.
17:21:24 [INFO] Node-1: Node initialized. State: FOLLOWER, Term: 0
17:21:24 [INFO] Node-1: Server started listening on 127.0.0.1:50051
17:21:25 [INFO] Node-1: Voted YES for Node 4 in Term 3
17:22:21 [INFO] Node-1: Checking committed entry... APPLIED TO DB: student_name = NguyenVanA | Current DB: {'student_name': 'NguyenVanA'}
17:23:33 [WARNING] Node-1: Partition updated. Blocked: ['127.0.0.1:50053', '127.0.0.1:50054', '127.0.0.1:50055']
17:23:39 [WARNING] Node-1: Election timeout (5.90s). Starting election...
17:23:39 [INFO] Node-1: Became CANDIDATE. Term: 4. Requesting votes...
17:23:39 [DEBUG] Node-1: Vote received from Node 2. Total: 2
17:23:39 [DEBUG] Node-1: Vote received from Node 5. Total: 3
17:23:39 [INFO] Node-1: *** BECAME LEADER (Term 4) ***
17:23:54 [WARNING] Node-1: Election timeout (14.75s). Starting election...
17:23:54 [INFO] Node-1: Became CANDIDATE. Term: 6. Requesting votes...
17:23:54 [DEBUG] Node-1: Vote received from Node 5. Total: 2
17:23:54 [DEBUG] Node-1: Vote received from Node 4. Total: 3
17:23:54 [INFO] Node-1: *** BECAME LEADER (Term 6) ***
17:23:58 [WARNING] Node-1: Election timeout (4.04s). Starting election...
17:23:58 [INFO] Node-1: Became CANDIDATE. Term: 8. Requesting votes...
17:23:58 [DEBUG] Node-1: Vote received from Node 2. Total: 2
17:23:58 [DEBUG] Node-1: Vote received from Node 5. Total: 3
17:23:58 [INFO] Node-1: *** BECAME LEADER (Term 8) ***
17:24:02 [WARNING] Node-1: Election timeout (4.04s). Starting election...
17:24:02 [INFO] Node-1: Became CANDIDATE. Term: 10. Requesting votes...
17:24:02 [DEBUG] Node-1: Vote received from Node 5. Total: 2
17:24:02 [DEBUG] Node-1: Vote received from Node 4. Total: 3
17:24:02 [INFO] Node-1: *** BECAME LEADER (Term 10) ***
17:24:07 [WARNING] Node-1: Election timeout (4.54s). Starting election...
17:24:07 [INFO] Node-1: Became CANDIDATE. Term: 12. Requesting votes...
17:24:07 [DEBUG] Node-1: Vote received from Node 2. Total: 2
17:24:07 [DEBUG] Node-1: Vote received from Node 4. Total: 3
17:24:07 [INFO] Node-1: *** BECAME LEADER (Term 12) ***
17:24:12 [WARNING] Node-1: Election timeout (5.59s). Starting election...
17:24:12 [INFO] Node-1: Became CANDIDATE. Term: 14. Requesting votes...
17:24:12 [DEBUG] Node-1: Vote received from Node 2. Total: 2
17:24:12 [DEBUG] Node-1: Vote received from Node 4. Total: 3
17:24:12 [INFO] Node-1: *** BECAME LEADER (Term 14) ***
17:24:18 [WARNING] Node-1: Election timeout (5.90s). Starting election...
17:24:18 [INFO] Node-1: Became CANDIDATE. Term: 16. Requesting votes...
17:24:18 [DEBUG] Node-1: Vote received from Node 4. Total: 2
17:24:18 [DEBUG] Node-1: Vote received from Node 5. Total: 3
17:24:18 [INFO] Node-1: *** BECAME LEADER (Term 16) ***
17:24:22 [WARNING] Node-1: Election timeout (3.63s). Starting election...
17:24:22 [INFO] Node-1: Became CANDIDATE. Term: 18. Requesting votes...
17:24:22 [DEBUG] Node-1: Vote received from Node 2. Total: 2
17:24:22 [DEBUG] Node-1: Vote received from Node 5. Total: 3
17:24:22 [INFO] Node-1: *** BECAME LEADER (Term 18) ***
17:24:27 [WARNING] Node-1: Election timeout (5.49s). Starting election...
17:24:27 [INFO] Node-1: Became CANDIDATE. Term: 20. Requesting votes...
17:24:27 [DEBUG] Node-1: Vote received from Node 2. Total: 2
17:24:27 [DEBUG] Node-1: Vote received from Node 4. Total: 3
17:24:27 [INFO] Node-1: *** BECAME LEADER (Term 20) ***
17:24:32 [WARNING] Node-1: Election timeout (5.06s). Starting election...
17:24:32 [INFO] Node-1: Became CANDIDATE. Term: 22. Requesting votes...
17:24:32 [DEBUG] Node-1: Vote received from Node 5. Total: 2
17:24:32 [DEBUG] Node-1: Vote received from Node 2. Total: 3
17:24:32 [INFO] Node-1: *** BECAME LEADER (Term 22) ***
17:24:38 [WARNING] Node-1: Election timeout (5.58s). Starting election...
17:24:38 [INFO] Node-1: Became CANDIDATE. Term: 24. Requesting votes...
17:24:38 [DEBUG] Node-1: Vote received from Node 4. Total: 2
17:24:38 [DEBUG] Node-1: Vote received from Node 5. Total: 3
17:24:38 [INFO] Node-1: *** BECAME LEADER (Term 24) ***
17:24:43 [WARNING] Node-1: Election timeout (4.57s). Starting election...
17:24:43 [INFO] Node-1: Became CANDIDATE. Term: 26. Requesting votes...
17:24:43 [DEBUG] Node-1: Vote received from Node 5. Total: 2
17:24:43 [DEBUG] Node-1: Vote received from Node 4. Total: 3
17:24:43 [INFO] Node-1: *** BECAME LEADER (Term 26) ***
17:24:48 [WARNING] Node-1: Election timeout (5.70s). Starting election...
17:24:48 [INFO] Node-1: Became CANDIDATE. Term: 28. Requesting votes...
17:24:48 [DEBUG] Node-1: Vote received from Node 4. Total: 2
17:24:48 [DEBUG] Node-1: Vote received from Node 5. Total: 3
17:24:48 [INFO] Node-1: *** BECAME LEADER (Term 28) ***
17:24:54 [WARNING] Node-1: Election timeout (6.02s). Starting election...
17:24:54 [INFO] Node-1: Became CANDIDATE. Term: 30. Requesting votes...
17:24:54 [DEBUG] Node-1: Vote received from Node 4. Total: 2
17:24:54 [DEBUG] Node-1: Vote received from Node 5. Total: 3
17:24:54 [INFO] Node-1: *** BECAME LEADER (Term 30) ***
17:24:58 [WARNING] Node-1: Election timeout (3.30s). Starting election...
17:24:58 [INFO] Node-1: Became CANDIDATE. Term: 32. Requesting votes...
17:24:58 [DEBUG] Node-1: Vote received from Node 5. Total: 2
17:24:58 [DEBUG] Node-1: Vote received from Node 2. Total: 3
17:24:58 [INFO] Node-1: *** BECAME LEADER (Term 32) ***
17:25:01 [WARNING] Node-1: Election timeout (3.74s). Starting election...
17:25:01 [INFO] Node-1: Became CANDIDATE. Term: 34. Requesting votes...
17:25:01 [DEBUG] Node-1: Vote received from Node 5. Total: 2
17:25:01 [DEBUG] Node-1: Vote received from Node 2. Total: 3
17:25:01 [INFO] Node-1: *** BECAME LEADER (Term 34) ***
17:25:06 [WARNING] Node-1: Election timeout (4.58s). Starting election...
17:25:06 [INFO] Node-1: Became CANDIDATE. Term: 36. Requesting votes...
17:25:06 [DEBUG] Node-1: Vote received from Node 5. Total: 2
17:25:06 [DEBUG] Node-1: Vote received from Node 2. Total: 3
17:25:06 [INFO] Node-1: *** BECAME LEADER (Term 36) ***
17:25:08 [INFO] Node-1: Client command received: 'SET student_name HoVanB'. Appended to local log index 2
17:25:08 [INFO] Node-1: Leader committed index 2
17:25:08 [INFO] Node-1: Checking committed entry... APPLIED TO DB: student_name = HoVanB | Current DB: {'student_name': 'HoVanB'}
17:25:11 [WARNING] Node-1: Election timeout (5.61s). Starting election...
17:25:11 [INFO] Node-1: Became CANDIDATE. Term: 38. Requesting votes...
17:25:11 [DEBUG] Node-1: Vote received from Node 5. Total: 2
17:25:11 [DEBUG] Node-1: Vote received from Node 2. Total: 3
17:25:11 [INFO] Node-1: *** BECAME LEADER (Term 38) ***
17:25:22 [WARNING] Node-1: Election timeout (10.67s). Starting election...
17:25:22 [INFO] Node-1: Became CANDIDATE. Term: 40. Requesting votes...
17:25:22 [DEBUG] Node-1: Vote received from Node 5. Total: 2
17:25:22 [DEBUG] Node-1: Vote received from Node 2. Total: 3
17:25:22 [INFO] Node-1: *** BECAME LEADER (Term 40) ***
17:25:32 [WARNING] Node-1: Election timeout (9.54s). Starting election...
17:25:32 [INFO] Node-1: Became CANDIDATE. Term: 42. Requesting votes...
17:25:32 [DEBUG] Node-1: Vote received from Node 4. Total: 2
17:25:32 [DEBUG] Node-1: Vote received from Node 5. Total: 3
17:25:32 [INFO] Node-1: *** BECAME LEADER (Term 42) ***
17:25:42 [WARNING] Node-1: Election timeout (10.66s). Starting election...
17:25:42 [INFO] Node-1: Became CANDIDATE. Term: 44. Requesting votes...
17:25:42 [DEBUG] Node-1: Vote received from Node 5. Total: 2
17:25:42 [DEBUG] Node-1: Vote received from Node 2. Total: 3
17:25:42 [INFO] Node-1: *** BECAME LEADER (Term 44) ***
17:25:54 [WARNING] Node-1: Election timeout (11.67s). Starting election...
17:25:54 [INFO] Node-1: Became CANDIDATE. Term: 46. Requesting votes...
17:25:54 [DEBUG] Node-1: Vote received from Node 4. Total: 2
17:25:54 [DEBUG] Node-1: Vote received from Node 5. Total: 3
17:25:54 [INFO] Node-1: *** BECAME LEADER (Term 46) ***
17:26:05 [WARNING] Node-1: Election timeout (11.08s). Starting election...
17:26:05 [INFO] Node-1: Became CANDIDATE. Term: 48. Requesting votes...
17:26:05 [DEBUG] Node-1: Vote received from Node 4. Total: 2
17:26:05 [DEBUG] Node-1: Vote received from Node 2. Total: 3
17:26:05 [INFO] Node-1: *** BECAME LEADER (Term 48) ***
17:26:16 [WARNING] Node-1: Election timeout (10.69s). Starting election...
17:26:16 [INFO] Node-1: Became CANDIDATE. Term: 50. Requesting votes...
17:26:16 [DEBUG] Node-1: Vote received from Node 2. Total: 2
17:26:19 [WARNING] Node-1: Election timeout (3.55s). Starting election...
17:26:19 [INFO] Node-1: Became CANDIDATE. Term: 51. Requesting votes...
17:26:19 [DEBUG] Node-1: Vote received from Node 2. Total: 2
17:26:23 [WARNING] Node-1: Election timeout (3.54s). Starting election...
17:26:23 [INFO] Node-1: Became CANDIDATE. Term: 52. Requesting votes...
17:26:25 [INFO] Node-1: Server stopped.
17:26:30 [INFO] Node-1: Node initialized. State: FOLLOWER, Term: 0
17:26:30 [INFO] Node-1: Server started listening on 127.0.0.1:50051
17:26:35 [WARNING] Node-1: Election timeout (4.79s). Starting election...
17:26:35 [INFO] Node-1: Became CANDIDATE. Term: 1. Requesting votes...
17:26:35 [DEBUG] Node-1: Vote received from Node 2. Total: 2
17:26:38 [WARNING] Node-1: Election timeout (3.43s). Starting election...
17:26:38 [INFO] Node-1: Became CANDIDATE. Term: 2. Requesting votes...
17:26:38 [DEBUG] Node-1: Vote received from Node 2. Total: 2
17:26:42 [WARNING] Node-1: Election timeout (4.05s). Starting election...
17:26:42 [INFO] Node-1: Became CANDIDATE. Term: 3. Requesting votes...
17:26:42 [DEBUG] Node-1: Vote received from Node 2. Total: 2
17:26:42 [DEBUG] Node-1: Vote received from Node 3. Total: 3
17:26:42 [INFO] Node-1: *** BECAME LEADER (Term 3) ***
17:27:47 [INFO] Node-1: Client command received: 'SET today Tuesday'. Appended to local log index 1
17:27:47 [INFO] Node-1: Leader committed index 1
17:27:47 [INFO] Node-1: Checking committed entry... APPLIED TO DB: today = Tuesday | Current DB: {'today': 'Tuesday'}
17:28:39 [WARNING] Node-1: Partition updated. Blocked: ['127.0.0.1:50053', '127.0.0.1:50054', '127.0.0.1:50055']
17:28:51 [WARNING] Node-1: Election timeout (128.60s). Starting election...
17:28:51 [INFO] Node-1: Became CANDIDATE. Term: 5. Requesting votes...
17:28:51 [DEBUG] Node-1: Vote received from Node 2. Total: 2
17:28:51 [DEBUG] Node-1: Vote received from Node 5. Total: 3
17:28:51 [INFO] Node-1: *** BECAME LEADER (Term 5) ***
17:28:55 [WARNING] Node-1: Election timeout (3.94s). Starting election...
17:28:55 [INFO] Node-1: Became CANDIDATE. Term: 7. Requesting votes...
17:28:55 [DEBUG] Node-1: Vote received from Node 2. Total: 2
17:28:55 [DEBUG] Node-1: Vote received from Node 5. Total: 3
17:28:55 [INFO] Node-1: *** BECAME LEADER (Term 7) ***
17:28:59 [WARNING] Node-1: Election timeout (4.03s). Starting election...
17:28:59 [INFO] Node-1: Became CANDIDATE. Term: 9. Requesting votes...
17:28:59 [DEBUG] Node-1: Vote received from Node 5. Total: 2
17:28:59 [DEBUG] Node-1: Vote received from Node 4. Total: 3
17:28:59 [INFO] Node-1: *** BECAME LEADER (Term 9) ***
17:29:03 [WARNING] Node-1: Election timeout (3.95s). Starting election...
17:29:03 [INFO] Node-1: Became CANDIDATE. Term: 11. Requesting votes...
17:29:03 [DEBUG] Node-1: Vote received from Node 2. Total: 2
17:29:03 [DEBUG] Node-1: Vote received from Node 4. Total: 3
17:29:03 [INFO] Node-1: *** BECAME LEADER (Term 11) ***
17:29:08 [WARNING] Node-1: Election timeout (5.10s). Starting election...
17:29:08 [INFO] Node-1: Became CANDIDATE. Term: 13. Requesting votes...
17:29:08 [DEBUG] Node-1: Vote received from Node 2. Total: 2
17:29:08 [DEBUG] Node-1: Vote received from Node 5. Total: 3
17:29:08 [INFO] Node-1: *** BECAME LEADER (Term 13) ***
17:29:14 [WARNING] Node-1: Election timeout (6.11s). Starting election...
17:29:14 [INFO] Node-1: Became CANDIDATE. Term: 15. Requesting votes...
17:29:14 [DEBUG] Node-1: Vote received from Node 2. Total: 2
17:29:14 [DEBUG] Node-1: Vote received from Node 4. Total: 3
17:29:14 [INFO] Node-1: *** BECAME LEADER (Term 15) ***
17:29:19 [WARNING] Node-1: Election timeout (5.08s). Starting election...
17:29:19 [INFO] Node-1: Became CANDIDATE. Term: 17. Requesting votes...
17:29:19 [DEBUG] Node-1: Vote received from Node 2. Total: 2
17:29:19 [DEBUG] Node-1: Vote received from Node 5. Total: 3
17:29:19 [INFO] Node-1: *** BECAME LEADER (Term 17) ***
17:29:23 [WARNING] Node-1: Election timeout (4.03s). Starting election...
17:29:23 [INFO] Node-1: Became CANDIDATE. Term: 19. Requesting votes...
17:29:23 [DEBUG] Node-1: Vote received from Node 5. Total: 2
17:29:23 [DEBUG] Node-1: Vote received from Node 4. Total: 3
17:29:23 [INFO] Node-1: *** BECAME LEADER (Term 19) ***
17:29:29 [WARNING] Node-1: Election timeout (5.81s). Starting election...
17:29:29 [INFO] Node-1: Became CANDIDATE. Term: 21. Requesting votes...
17:29:29 [DEBUG] Node-1: Vote received from Node 4. Total: 2
17:29:29 [DEBUG] Node-1: Vote received from Node 5. Total: 3
17:29:29 [INFO] Node-1: *** BECAME LEADER (Term 21) ***
17:29:33 [WARNING] Node-1: Election timeout (4.77s). Starting election...
17:29:33 [INFO] Node-1: Became CANDIDATE. Term: 23. Requesting votes...
17:29:33 [DEBUG] Node-1: Vote received from Node 2. Total: 2
17:29:33 [DEBUG] Node-1: Vote received from Node 4. Total: 3
17:29:33 [INFO] Node-1: *** BECAME LEADER (Term 23) ***
17:29:39 [WARNING] Node-1: Election timeout (6.01s). Starting election...
17:29:39 [INFO] Node-1: Became CANDIDATE. Term: 25. Requesting votes...
17:29:39 [DEBUG] Node-1: Vote received from Node 2. Total: 2
17:29:39 [DEBUG] Node-1: Vote received from Node 4. Total: 3
17:29:39 [INFO] Node-1: *** BECAME LEADER (Term 25) ***
17:29:44 [WARNING] Node-1: Election timeout (4.68s). Starting election...
17:29:44 [INFO] Node-1: Became CANDIDATE. Term: 27. Requesting votes...
17:29:44 [DEBUG] Node-1: Vote received from Node 2. Total: 2
17:29:44 [DEBUG] Node-1: Vote received from Node 4. Total: 3
17:29:44 [INFO] Node-1: *** BECAME LEADER (Term 27) ***
17:29:50 [WARNING] Node-1: Election timeout (5.72s). Starting election...
17:29:50 [INFO] Node-1: Became CANDIDATE. Term: 29. Requesting votes...
17:29:50 [DEBUG] Node-1: Vote received from Node 5. Total: 2
17:29:50 [DEBUG] Node-1: Vote received from Node 2. Total: 3
17:29:50 [INFO] Node-1: *** BECAME LEADER (Term 29) ***
17:29:54 [WARNING] Node-1: Election timeout (3.95s). Starting election...
17:29:54 [INFO] Node-1: Became CANDIDATE. Term: 31. Requesting votes...
17:29:54 [DEBUG] Node-1: Vote received from Node 2. Total: 2
17:29:54 [DEBUG] Node-1: Vote received from Node 4. Total: 3
17:29:54 [INFO] Node-1: *** BECAME LEADER (Term 31) ***
17:29:58 [WARNING] Node-1: Election timeout (3.95s). Starting election...
17:29:58 [INFO] Node-1: Became CANDIDATE. Term: 33. Requesting votes...
17:29:58 [DEBUG] Node-1: Vote received from Node 5. Total: 2
17:29:58 [DEBUG] Node-1: Vote received from Node 2. Total: 3
17:29:58 [INFO] Node-1: *** BECAME LEADER (Term 33) ***
17:30:03 [WARNING] Node-1: Election timeout (5.61s). Starting election...
17:30:03 [INFO] Node-1: Became CANDIDATE. Term: 35. Requesting votes...
17:30:03 [DEBUG] Node-1: Vote received from Node 2. Total: 2
17:30:03 [DEBUG] Node-1: Vote received from Node 4. Total: 3
17:30:03 [INFO] Node-1: *** BECAME LEADER (Term 35) ***
17:30:08 [WARNING] Node-1: Election timeout (4.26s). Starting election...
17:30:08 [INFO] Node-1: Became CANDIDATE. Term: 37. Requesting votes...
17:30:08 [DEBUG] Node-1: Vote received from Node 4. Total: 2
17:30:08 [DEBUG] Node-1: Vote received from Node 5. Total: 3
17:30:08 [INFO] Node-1: *** BECAME LEADER (Term 37) ***
17:30:12 [WARNING] Node-1: Election timeout (4.78s). Starting election...
17:30:12 [INFO] Node-1: Became CANDIDATE. Term: 39. Requesting votes...
17:30:12 [DEBUG] Node-1: Vote received from Node 5. Total: 2
17:30:12 [DEBUG] Node-1: Vote received from Node 2. Total: 3
17:30:12 [INFO] Node-1: *** BECAME LEADER (Term 39) ***
17:30:16 [WARNING] Node-1: Election timeout (4.05s). Starting election...
17:30:16 [INFO] Node-1: Became CANDIDATE. Term: 41. Requesting votes...
17:30:16 [DEBUG] Node-1: Vote received from Node 5. Total: 2
17:30:16 [DEBUG] Node-1: Vote received from Node 4. Total: 3
17:30:16 [INFO] Node-1: *** BECAME LEADER (Term 41) ***
17:30:22 [WARNING] Node-1: Election timeout (5.59s). Starting election...
17:30:22 [INFO] Node-1: Became CANDIDATE. Term: 43. Requesting votes...
17:30:22 [DEBUG] Node-1: Vote received from Node 5. Total: 2
17:30:22 [DEBUG] Node-1: Vote received from Node 4. Total: 3
17:30:22 [INFO] Node-1: *** BECAME LEADER (Term 43) ***
17:30:27 [WARNING] Node-1: Election timeout (5.17s). Starting election...
17:30:27 [INFO] Node-1: Became CANDIDATE. Term: 45. Requesting votes...
17:30:27 [DEBUG] Node-1: Vote received from Node 4. Total: 2
17:30:27 [DEBUG] Node-1: Vote received from Node 5. Total: 3
17:30:27 [INFO] Node-1: *** BECAME LEADER (Term 45) ***
17:30:31 [WARNING] Node-1: Election timeout (3.75s). Starting election...
17:30:31 [INFO] Node-1: Became CANDIDATE. Term: 47. Requesting votes...
17:30:31 [DEBUG] Node-1: Vote received from Node 4. Total: 2
17:30:31 [DEBUG] Node-1: Vote received from Node 5. Total: 3
17:30:31 [INFO] Node-1: *** BECAME LEADER (Term 47) ***
17:30:35 [WARNING] Node-1: Election timeout (3.64s). Starting election...
17:30:35 [INFO] Node-1: Became CANDIDATE. Term: 49. Requesting votes...
17:30:35 [DEBUG] Node-1: Vote received from Node 5. Total: 2
17:30:35 [DEBUG] Node-1: Vote received from Node 2. Total: 3
17:30:35 [INFO] Node-1: *** BECAME LEADER (Term 49) ***
17:30:40 [WARNING] Node-1: Election timeout (5.29s). Starting election...
17:30:40 [INFO] Node-1: Became CANDIDATE. Term: 51. Requesting votes...
17:30:40 [DEBUG] Node-1: Vote received from Node 2. Total: 2
17:30:40 [DEBUG] Node-1: Vote received from Node 5. Total: 3
17:30:40 [INFO] Node-1: *** BECAME LEADER (Term 51) ***
17:30:46 [WARNING] Node-1: Election timeout (5.99s). Starting election...
17:30:46 [INFO] Node-1: Became CANDIDATE. Term: 53. Requesting votes...
17:30:46 [DEBUG] Node-1: Vote received from Node 4. Total: 2
17:30:46 [DEBUG] Node-1: Vote received from Node 5. Total: 3
17:30:46 [INFO] Node-1: *** BECAME LEADER (Term 53) ***
17:30:51 [WARNING] Node-1: Election timeout (4.66s). Starting election...
17:30:51 [INFO] Node-1: Became CANDIDATE. Term: 55. Requesting votes...
17:30:51 [DEBUG] Node-1: Vote received from Node 5. Total: 2
17:30:51 [DEBUG] Node-1: Vote received from Node 4. Total: 3
17:30:51 [INFO] Node-1: *** BECAME LEADER (Term 55) ***
17:30:54 [WARNING] Node-1: Election timeout (3.84s). Starting election...
17:30:54 [INFO] Node-1: Became CANDIDATE. Term: 57. Requesting votes...
17:30:54 [DEBUG] Node-1: Vote received from Node 2. Total: 2
17:30:54 [DEBUG] Node-1: Vote received from Node 4. Total: 3
17:30:54 [INFO] Node-1: *** BECAME LEADER (Term 57) ***
17:30:58 [WARNING] Node-1: Election timeout (3.85s). Starting election...
17:30:58 [INFO] Node-1: Became CANDIDATE. Term: 59. Requesting votes...
17:30:58 [DEBUG] Node-1: Vote received from Node 2. Total: 2
17:30:58 [DEBUG] Node-1: Vote received from Node 4. Total: 3
17:30:58 [INFO] Node-1: *** BECAME LEADER (Term 59) ***
17:31:04 [WARNING] Node-1: Election timeout (5.72s). Starting election...
17:31:04 [INFO] Node-1: Became CANDIDATE. Term: 61. Requesting votes...
17:31:04 [DEBUG] Node-1: Vote received from Node 2. Total: 2
17:31:04 [DEBUG] Node-1: Vote received from Node 5. Total: 3
17:31:04 [INFO] Node-1: *** BECAME LEADER (Term 61) ***
17:31:09 [WARNING] Node-1: Election timeout (5.39s). Starting election...
17:31:09 [INFO] Node-1: Became CANDIDATE. Term: 63. Requesting votes...
17:31:09 [DEBUG] Node-1: Vote received from Node 2. Total: 2
17:31:09 [DEBUG] Node-1: Vote received from Node 4. Total: 3
17:31:09 [INFO] Node-1: *** BECAME LEADER (Term 63) ***
17:31:14 [WARNING] Node-1: Election timeout (5.08s). Starting election...
17:31:14 [INFO] Node-1: Became CANDIDATE. Term: 65. Requesting votes...
17:31:14 [DEBUG] Node-1: Vote received from Node 4. Total: 2
17:31:14 [DEBUG] Node-1: Vote received from Node 2. Total: 3
17:31:14 [INFO] Node-1: *** BECAME LEADER (Term 65) ***
17:31:18 [WARNING] Node-1: Election timeout (3.61s). Starting election...
17:31:18 [INFO] Node-1: Became CANDIDATE. Term: 67. Requesting votes...
17:31:18 [DEBUG] Node-1: Vote received from Node 5. Total: 2
17:31:18 [DEBUG] Node-1: Vote received from Node 4. Total: 3
17:31:18 [INFO] Node-1: *** BECAME LEADER (Term 67) ***
17:31:24 [WARNING] Node-1: Election timeout (5.58s). Starting election...
17:31:24 [INFO] Node-1: Became CANDIDATE. Term: 69. Requesting votes...
17:31:24 [DEBUG] Node-1: Vote received from Node 5. Total: 2
17:31:24 [DEBUG] Node-1: Vote received from Node 2. Total: 3
17:31:24 [INFO] Node-1: *** BECAME LEADER (Term 69) ***
17:31:29 [WARNING] Node-1: Election timeout (5.06s). Starting election...
17:31:29 [INFO] Node-1: Became CANDIDATE. Term: 71. Requesting votes...
17:31:29 [DEBUG] Node-1: Vote received from Node 2. Total: 2
17:31:29 [DEBUG] Node-1: Vote received from Node 5. Total: 3
17:31:29 [INFO] Node-1: *** BECAME LEADER (Term 71) ***
17:31:34 [WARNING] Node-1: Election timeout (5.18s). Starting election...
17:31:34 [INFO] Node-1: Became CANDIDATE. Term: 73. Requesting votes...
17:31:34 [DEBUG] Node-1: Vote received from Node 4. Total: 2
17:31:34 [DEBUG] Node-1: Vote received from Node 5. Total: 3
17:31:34 [INFO] Node-1: *** BECAME LEADER (Term 73) ***
17:31:39 [WARNING] Node-1: Election timeout (5.20s). Starting election...
17:31:39 [INFO] Node-1: Became CANDIDATE. Term: 75. Requesting votes...
17:31:39 [DEBUG] Node-1: Vote received from Node 5. Total: 2
17:31:39 [DEBUG] Node-1: Vote received from Node 2. Total: 3
17:31:39 [INFO] Node-1: *** BECAME LEADER (Term 75) ***
17:31:43 [WARNING] Node-1: Election timeout (3.72s). Starting election...
17:31:43 [INFO] Node-1: Became CANDIDATE. Term: 77. Requesting votes...
17:31:43 [DEBUG] Node-1: Vote received from Node 5. Total: 2
17:31:43 [DEBUG] Node-1: Vote received from Node 2. Total: 3
17:31:43 [INFO] Node-1: *** BECAME LEADER (Term 77) ***
17:31:47 [WARNING] Node-1: Election timeout (4.47s). Starting election...
17:31:47 [INFO] Node-1: Became CANDIDATE. Term: 79. Requesting votes...
17:31:47 [DEBUG] Node-1: Vote received from Node 2. Total: 2
17:31:47 [DEBUG] Node-1: Vote received from Node 4. Total: 3
17:31:47 [INFO] Node-1: *** BECAME LEADER (Term 79) ***
17:31:53 [WARNING] Node-1: Election timeout (5.50s). Starting election...
17:31:53 [INFO] Node-1: Became CANDIDATE. Term: 81. Requesting votes...
17:31:53 [DEBUG] Node-1: Vote received from Node 2. Total: 2
17:31:53 [DEBUG] Node-1: Vote received from Node 5. Total: 3
17:31:53 [INFO] Node-1: *** BECAME LEADER (Term 81) ***
17:31:58 [WARNING] Node-1: Election timeout (5.59s). Starting election...
17:31:58 [INFO] Node-1: Became CANDIDATE. Term: 83. Requesting votes...
17:31:58 [DEBUG] Node-1: Vote received from Node 2. Total: 2
17:31:58 [DEBUG] Node-1: Vote received from Node 4. Total: 3
17:31:58 [INFO] Node-1: *** BECAME LEADER (Term 83) ***
17:32:02 [WARNING] Node-1: Election timeout (3.74s). Starting election...
17:32:02 [INFO] Node-1: Became CANDIDATE. Term: 85. Requesting votes...
17:32:02 [DEBUG] Node-1: Vote received from Node 4. Total: 2
17:32:02 [DEBUG] Node-1: Vote received from Node 2. Total: 3
17:32:02 [INFO] Node-1: *** BECAME LEADER (Term 85) ***
17:32:06 [WARNING] Node-1: Election timeout (3.73s). Starting election...
17:32:06 [INFO] Node-1: Became CANDIDATE. Term: 87. Requesting votes...
17:32:06 [DEBUG] Node-1: Vote received from Node 5. Total: 2
17:32:06 [DEBUG] Node-1: Vote received from Node 2. Total: 3
17:32:06 [INFO] Node-1: *** BECAME LEADER (Term 87) ***
17:32:09 [WARNING] Node-1: Election timeout (3.62s). Starting election...
17:32:09 [INFO] Node-1: Became CANDIDATE. Term: 89. Requesting votes...
17:32:09 [DEBUG] Node-1: Vote received from Node 2. Total: 2
17:32:09 [DEBUG] Node-1: Vote received from Node 4. Total: 3
17:32:09 [INFO] Node-1: *** BECAME LEADER (Term 89) ***
17:32:14 [WARNING] Node-1: Election timeout (4.98s). Starting election...
17:32:14 [INFO] Node-1: Became CANDIDATE. Term: 91. Requesting votes...
17:32:14 [DEBUG] Node-1: Vote received from Node 2. Total: 2
17:32:14 [DEBUG] Node-1: Vote received from Node 5. Total: 3
17:32:14 [INFO] Node-1: *** BECAME LEADER (Term 91) ***
17:32:20 [WARNING] Node-1: Election timeout (5.58s). Starting election...
17:32:20 [INFO] Node-1: Became CANDIDATE. Term: 93. Requesting votes...
17:32:20 [DEBUG] Node-1: Vote received from Node 4. Total: 2
17:32:20 [DEBUG] Node-1: Vote received from Node 5. Total: 3
17:32:20 [INFO] Node-1: *** BECAME LEADER (Term 93) ***
17:32:25 [WARNING] Node-1: Election timeout (4.64s). Starting election...
17:32:25 [INFO] Node-1: Became CANDIDATE. Term: 95. Requesting votes...
17:32:25 [DEBUG] Node-1: Vote received from Node 5. Total: 2
17:32:25 [DEBUG] Node-1: Vote received from Node 2. Total: 3
17:32:25 [INFO] Node-1: *** BECAME LEADER (Term 95) ***
17:32:28 [WARNING] Node-1: Election timeout (3.74s). Starting election...
17:32:28 [INFO] Node-1: Became CANDIDATE. Term: 97. Requesting votes...
17:32:28 [DEBUG] Node-1: Vote received from Node 5. Total: 2
17:32:28 [DEBUG] Node-1: Vote received from Node 2. Total: 3
17:32:28 [INFO] Node-1: *** BECAME LEADER (Term 97) ***
17:32:33 [WARNING] Node-1: Election timeout (4.88s). Starting election...
17:32:33 [INFO] Node-1: Became CANDIDATE. Term: 99. Requesting votes...
17:32:33 [DEBUG] Node-1: Vote received from Node 4. Total: 2
17:32:33 [DEBUG] Node-1: Vote received from Node 5. Total: 3
17:32:33 [INFO] Node-1: *** BECAME LEADER (Term 99) ***
17:32:37 [WARNING] Node-1: Election timeout (3.63s). Starting election...
17:32:37 [INFO] Node-1: Became CANDIDATE. Term: 101. Requesting votes...
17:32:37 [DEBUG] Node-1: Vote received from Node 2. Total: 2
17:32:37 [DEBUG] Node-1: Vote received from Node 5. Total: 3
17:32:37 [INFO] Node-1: *** BECAME LEADER (Term 101) ***
17:32:43 [WARNING] Node-1: Election timeout (5.98s). Starting election...
17:32:43 [INFO] Node-1: Became CANDIDATE. Term: 103. Requesting votes...
17:32:43 [DEBUG] Node-1: Vote received from Node 5. Total: 2
17:32:43 [DEBUG] Node-1: Vote received from Node 2. Total: 3
17:32:43 [INFO] Node-1: *** BECAME LEADER (Term 103) ***
17:32:46 [WARNING] Node-1: Election timeout (3.21s). Starting election...
17:32:46 [INFO] Node-1: Became CANDIDATE. Term: 105. Requesting votes...
17:32:46 [DEBUG] Node-1: Vote received from Node 5. Total: 2
17:32:46 [DEBUG] Node-1: Vote received from Node 2. Total: 3
17:32:46 [INFO] Node-1: *** BECAME LEADER (Term 105) ***
17:32:50 [WARNING] Node-1: Election timeout (4.36s). Starting election...
17:32:50 [INFO] Node-1: Became CANDIDATE. Term: 107. Requesting votes...
17:32:50 [DEBUG] Node-1: Vote received from Node 2. Total: 2
17:32:50 [DEBUG] Node-1: Vote received from Node 5. Total: 3
17:32:50 [INFO] Node-1: *** BECAME LEADER (Term 107) ***
17:32:56 [WARNING] Node-1: Election timeout (5.81s). Starting election...
17:32:56 [INFO] Node-1: Became CANDIDATE. Term: 109. Requesting votes...
17:32:56 [DEBUG] Node-1: Vote received from Node 4. Total: 2
17:32:56 [DEBUG] Node-1: Vote received from Node 5. Total: 3
17:32:56 [INFO] Node-1: *** BECAME LEADER (Term 109) ***
17:32:59 [WARNING] Node-1: Election timeout (3.22s). Starting election...
17:32:59 [INFO] Node-1: Became CANDIDATE. Term: 111. Requesting votes...
17:32:59 [DEBUG] Node-1: Vote received from Node 2. Total: 2
17:32:59 [DEBUG] Node-1: Vote received from Node 5. Total: 3
17:32:59 [INFO] Node-1: *** BECAME LEADER (Term 111) ***
17:33:03 [WARNING] Node-1: Election timeout (4.05s). Starting election...
17:33:03 [INFO] Node-1: Became CANDIDATE. Term: 113. Requesting votes...
17:33:04 [DEBUG] Node-1: Vote received from Node 5. Total: 2
17:33:04 [DEBUG] Node-1: Vote received from Node 2. Total: 3
17:33:04 [INFO] Node-1: *** BECAME LEADER (Term 113) ***
17:33:09 [WARNING] Node-1: Election timeout (5.89s). Starting election...
17:33:09 [INFO] Node-1: Became CANDIDATE. Term: 115. Requesting votes...
17:33:09 [DEBUG] Node-1: Vote received from Node 4. Total: 2
17:33:09 [DEBUG] Node-1: Vote received from Node 2. Total: 3
17:33:09 [INFO] Node-1: *** BECAME LEADER (Term 115) ***
17:33:15 [WARNING] Node-1: Election timeout (5.37s). Starting election...
17:33:15 [INFO] Node-1: Became CANDIDATE. Term: 117. Requesting votes...
17:33:15 [DEBUG] Node-1: Vote received from Node 4. Total: 2
17:33:15 [DEBUG] Node-1: Vote received from Node 2. Total: 3
17:33:15 [INFO] Node-1: *** BECAME LEADER (Term 117) ***
17:33:18 [WARNING] Node-1: Election timeout (3.21s). Starting election...
17:33:18 [INFO] Node-1: Became CANDIDATE. Term: 119. Requesting votes...
17:33:18 [DEBUG] Node-1: Vote received from Node 4. Total: 2
17:33:18 [DEBUG] Node-1: Vote received from Node 2. Total: 3
17:33:18 [INFO] Node-1: *** BECAME LEADER (Term 119) ***
17:33:23 [WARNING] Node-1: Election timeout (5.40s). Starting election...
17:33:23 [INFO] Node-1: Became CANDIDATE. Term: 121. Requesting votes...
17:33:23 [DEBUG] Node-1: Vote received from Node 5. Total: 2
17:33:23 [DEBUG] Node-1: Vote received from Node 2. Total: 3
17:33:23 [INFO] Node-1: *** BECAME LEADER (Term 121) ***
17:33:28 [WARNING] Node-1: Election timeout (4.98s). Starting election...
17:33:28 [INFO] Node-1: Became CANDIDATE. Term: 123. Requesting votes...
17:33:28 [DEBUG] Node-1: Vote received from Node 4. Total: 2
17:33:28 [DEBUG] Node-1: Vote received from Node 5. Total: 3
17:33:28 [INFO] Node-1: *** BECAME LEADER (Term 123) ***
17:33:32 [WARNING] Node-1: Election timeout (3.63s). Starting election...
17:33:32 [INFO] Node-1: Became CANDIDATE. Term: 125. Requesting votes...
17:33:32 [DEBUG] Node-1: Vote received from Node 4. Total: 2
17:33:32 [DEBUG] Node-1: Vote received from Node 2. Total: 3
17:33:32 [INFO] Node-1: *** BECAME LEADER (Term 125) ***
17:33:36 [WARNING] Node-1: Election timeout (4.04s). Starting election...
17:33:36 [INFO] Node-1: Became CANDIDATE. Term: 127. Requesting votes...
17:33:36 [DEBUG] Node-1: Vote received from Node 5. Total: 2
17:33:36 [DEBUG] Node-1: Vote received from Node 4. Total: 3
17:33:36 [INFO] Node-1: *** BECAME LEADER (Term 127) ***
17:33:40 [WARNING] Node-1: Election timeout (3.54s). Starting election...
17:33:40 [INFO] Node-1: Became CANDIDATE. Term: 129. Requesting votes...
17:33:40 [DEBUG] Node-1: Vote received from Node 5. Total: 2
17:33:40 [DEBUG] Node-1: Vote received from Node 2. Total: 3
17:33:40 [INFO] Node-1: *** BECAME LEADER (Term 129) ***
17:33:45 [WARNING] Node-1: Election timeout (5.62s). Starting election...
17:33:45 [INFO] Node-1: Became CANDIDATE. Term: 131. Requesting votes...
17:33:45 [DEBUG] Node-1: Vote received from Node 4. Total: 2
17:33:45 [DEBUG] Node-1: Vote received from Node 5. Total: 3
17:33:45 [INFO] Node-1: *** BECAME LEADER (Term 131) ***
17:33:49 [WARNING] Node-1: Election timeout (4.05s). Starting election...
17:33:49 [INFO] Node-1: Became CANDIDATE. Term: 133. Requesting votes...
17:33:49 [DEBUG] Node-1: Vote received from Node 5. Total: 2
17:33:49 [DEBUG] Node-1: Vote received from Node 2. Total: 3
17:33:49 [INFO] Node-1: *** BECAME LEADER (Term 133) ***
17:33:53 [INFO] Node-1: Server stopped.
17:34:49 [INFO] Node-1: Node initialized. State: FOLLOWER, Term: 0
17:34:49 [INFO] Node-1: Server started listening on 127.0.0.1:50051
17:34:53 [WARNING] Node-1: Election timeout (4.59s). Starting election...
17:34:53 [INFO] Node-1: Became CANDIDATE. Term: 1. Requesting votes...
17:34:53 [DEBUG] Node-1: Vote received from Node 2. Total: 2
17:34:57 [WARNING] Node-1: Election timeout (4.13s). Starting election...
17:34:57 [INFO] Node-1: Became CANDIDATE. Term: 2. Requesting votes...
17:34:57 [DEBUG] Node-1: Vote received from Node 2. Total: 2
17:34:57 [DEBUG] Node-1: Vote received from Node 3. Total: 3
17:34:57 [INFO] Node-1: *** BECAME LEADER (Term 2) ***
17:35:07 [WARNING] Node-1: Partition updated. Blocked: ['127.0.0.1:50053', '127.0.0.1:50054', '127.0.0.1:50055']
17:35:10 [WARNING] Node-1: Election timeout (12.73s). Starting election...
17:35:10 [INFO] Node-1: Became CANDIDATE. Term: 4. Requesting votes...
17:35:10 [DEBUG] Node-1: Vote received from Node 2. Total: 2
17:35:15 [INFO] Node-1: Voted YES for Node 2 in Term 5
17:35:20 [INFO] Node-1: Voted YES for Node 2 in Term 6
17:35:26 [WARNING] Node-1: Election timeout (5.68s). Starting election...
17:35:26 [INFO] Node-1: Became CANDIDATE. Term: 7. Requesting votes...
17:35:26 [DEBUG] Node-1: Vote received from Node 2. Total: 2
17:35:30 [WARNING] Node-1: Election timeout (3.93s). Starting election...
17:35:30 [INFO] Node-1: Became CANDIDATE. Term: 8. Requesting votes...
17:35:30 [DEBUG] Node-1: Vote received from Node 2. Total: 2
17:35:34 [WARNING] Node-1: Election timeout (4.77s). Starting election...
17:35:34 [INFO] Node-1: Became CANDIDATE. Term: 9. Requesting votes...
17:35:34 [DEBUG] Node-1: Vote received from Node 2. Total: 2
17:35:38 [WARNING] Node-1: Election timeout (3.93s). Starting election...
17:35:38 [INFO] Node-1: Became CANDIDATE. Term: 10. Requesting votes...
17:35:38 [DEBUG] Node-1: Vote received from Node 2. Total: 2
17:35:43 [WARNING] Node-1: Election timeout (4.76s). Starting election...
17:35:43 [INFO] Node-1: Became CANDIDATE. Term: 11. Requesting votes...
17:35:43 [DEBUG] Node-1: Vote received from Node 2. Total: 2
17:35:49 [WARNING] Node-1: Election timeout (5.71s). Starting election...
17:35:49 [INFO] Node-1: Became CANDIDATE. Term: 12. Requesting votes...
17:35:49 [DEBUG] Node-1: Vote received from Node 2. Total: 2
17:35:52 [WARNING] Node-1: Election timeout (3.11s). Starting election...
17:35:52 [INFO] Node-1: Became CANDIDATE. Term: 13. Requesting votes...
17:35:52 [DEBUG] Node-1: Vote received from Node 2. Total: 2
17:35:57 [WARNING] Node-1: Election timeout (4.88s). Starting election...
17:35:57 [INFO] Node-1: Became CANDIDATE. Term: 14. Requesting votes...
17:35:57 [DEBUG] Node-1: Vote received from Node 2. Total: 2
17:36:00 [WARNING] Node-1: Election timeout (3.43s). Starting election...
17:36:00 [INFO] Node-1: Became CANDIDATE. Term: 15. Requesting votes...
17:36:00 [DEBUG] Node-1: Vote received from Node 2. Total: 2
17:36:05 [WARNING] Node-1: Election timeout (4.38s). Starting election...
17:36:05 [INFO] Node-1: Became CANDIDATE. Term: 16. Requesting votes...
17:36:05 [DEBUG] Node-1: Vote received from Node 2. Total: 2
17:36:10 [INFO] Node-1: Voted YES for Node 2 in Term 17
17:36:15 [INFO] Node-1: Voted YES for Node 2 in Term 18
17:36:21 [INFO] Node-1: Voted YES for Node 2 in Term 19
17:36:25 [INFO] Node-1: Voted YES for Node 2 in Term 20
17:36:30 [INFO] Node-1: Voted YES for Node 2 in Term 21
17:36:34 [INFO] Node-1: Voted YES for Node 2 in Term 22
17:36:38 [INFO] Node-1: Voted YES for Node 2 in Term 23
17:36:44 [INFO] Node-1: Voted YES for Node 2 in Term 24
17:36:48 [INFO] Node-1: Voted YES for Node 2 in Term 25
17:36:54 [INFO] Node-1: Voted YES for Node 2 in Term 26
17:36:57 [INFO] Node-1: Voted YES for Node 2 in Term 27
17:37:01 [INFO] Node-1: Voted YES for Node 2 in Term 28
17:37:06 [INFO] Node-1: Voted YES for Node 2 in Term 29
17:37:11 [INFO] Node-1: Voted YES for Node 2 in Term 30
17:37:17 [INFO] Node-1: Voted YES for Node 2 in Term 31
17:37:21 [INFO] Node-1: Voted YES for Node 2 in Term 32
17:37:25 [INFO] Node-1: Voted YES for Node 2 in Term 33
17:37:29 [INFO] Node-1: Voted YES for Node 2 in Term 34
17:37:34 [INFO] Node-1: Voted YES for Node 2 in Term 35
17:37:40 [INFO] Node-1: Voted YES for Node 2 in Term 36
17:37:45 [INFO] Node-1: Voted YES for Node 2 in Term 37
17:37:50 [INFO] Node-1: Voted YES for Node 2 in Term 38
17:37:54 [INFO] Node-1: Voted YES for Node 2 in Term 39
17:37:58 [INFO] Node-1: Voted YES for Node 2 in Term 40
17:38:02 [INFO] Node-1: Voted YES for Node 2 in Term 41
17:38:07 [INFO] Node-1: Voted YES for Node 2 in Term 42
17:38:12 [INFO] Node-1: Voted YES for Node 2 in Term 43
17:38:15 [INFO] Node-1: Voted YES for Node 2 in Term 44
17:38:18 [INFO] Node-1: Voted YES for Node 2 in Term 45
17:38:24 [INFO] Node-1: Voted YES for Node 2 in Term 46
17:38:28 [INFO] Node-1: Voted YES for Node 2 in Term 47
17:38:33 [INFO] Node-1: Voted YES for Node 2 in Term 48
17:38:39 [INFO] Node-1: Voted YES for Node 2 in Term 49
17:38:43 [INFO] Node-1: Voted YES for Node 2 in Term 50
17:38:48 [INFO] Node-1: Voted YES for Node 2 in Term 51
17:38:51 [INFO] Node-1: Voted YES for Node 2 in Term 52
17:38:56 [INFO] Node-1: Voted YES for Node 2 in Term 53
17:39:02 [INFO] Node-1: Voted YES for Node 2 in Term 54
17:39:07 [INFO] Node-1: Voted YES for Node 2 in Term 55
17:39:10 [INFO] Node-1: Voted YES for Node 2 in Term 56
17:39:13 [INFO] Node-1: Voted YES for Node 2 in Term 57
17:39:18 [INFO] Node-1: Voted YES for Node 2 in Term 58
17:39:22 [INFO] Node-1: Voted YES for Node 2 in Term 59
17:39:26 [INFO] Node-1: Voted YES for Node 2 in Term 60
17:39:31 [INFO] Node-1: Voted YES for Node 2 in Term 61
17:39:34 [INFO] Node-1: Voted YES for Node 2 in Term 62
17:39:38 [INFO] Node-1: Voted YES for Node 2 in Term 63
17:39:44 [INFO] Node-1: Voted YES for Node 2 in Term 64
17:39:49 [INFO] Node-1: Voted YES for Node 2 in Term 65
17:39:55 [INFO] Node-1: Voted YES for Node 2 in Term 66
17:39:59 [INFO] Node-1: Voted YES for Node 2 in Term 67
17:40:02 [INFO] Node-1: Voted YES for Node 2 in Term 68
17:40:06 [INFO] Node-1: Voted YES for Node 2 in Term 69
17:40:10 [INFO] Node-1: Voted YES for Node 2 in Term 70
17:40:16 [WARNING] Node-1: Election timeout (5.95s). Starting election...
17:40:16 [INFO] Node-1: Became CANDIDATE. Term: 71. Requesting votes...
17:40:16 [DEBUG] Node-1: Vote received from Node 2. Total: 2
17:40:19 [WARNING] Node-1: Election timeout (3.74s). Starting election...
17:40:19 [INFO] Node-1: Became CANDIDATE. Term: 72. Requesting votes...
17:40:19 [DEBUG] Node-1: Vote received from Node 2. Total: 2
17:40:19 [INFO] Node-1: Server stopped.
17:40:39 [INFO] Node-1: Node initialized. State: FOLLOWER, Term: 0
17:40:39 [INFO] Node-1: Server started listening on 127.0.0.1:50051
17:40:43 [WARNING] Node-1: Election timeout (4.37s). Starting election...
17:40:43 [INFO] Node-1: Became CANDIDATE. Term: 1. Requesting votes...
17:40:48 [WARNING] Node-1: Election timeout (4.78s). Starting election...
17:40:48 [INFO] Node-1: Became CANDIDATE. Term: 2. Requesting votes...
17:40:48 [INFO] Node-1: *** BECAME LEADER (Term 2) ***
17:42:03 [WARNING] Node-1: Partition updated. Blocked: ['127.0.0.1:50053', '127.0.0.1:50054', '127.0.0.1:50055']
17:45:27 [INFO] Node-1: Server stopped.
17:45:49 [INFO] Node-1: Node initialized. State: FOLLOWER, Term: 0
17:45:49 [INFO] Node-1: Server started listening on 127.0.0.1:50051
17:45:53 [WARNING] Node-1: Election timeout (3.64s). Starting election...
17:45:53 [INFO] Node-1: Became CANDIDATE. Term: 1. Requesting votes...
17:45:56 [WARNING] Node-1: Election timeout (3.73s). Starting election...
17:45:56 [INFO] Node-1: Became CANDIDATE. Term: 2. Requesting votes...
17:45:56 [INFO] Node-1: *** BECAME LEADER (Term 2) ***
17:46:19 [WARNING] Node-1: Partition updated. Blocked: ['127.0.0.1:50053', '127.0.0.1:50054', '127.0.0.1:50055']
17:49:53 [INFO] Node-1: Client command received. Appended to index 1
17:52:18 [INFO] Node-1: Client command received. Appended to index 2
17:53:21 [WARNING] Node-1: Partition updated. Blocked: []
17:53:21 [INFO] Node-1: Leader discovered higher term 3 from 3. Stepping down.
17:53:21 [WARNING] Node-1: Election timeout (444.55s). Starting election...
17:53:21 [INFO] Node-1: Became CANDIDATE. Term: 4. Requesting votes...
17:53:21 [INFO] Node-1: Voted YES for Node 3 in Term 5
17:53:22 [INFO] Node-1: Checking committed entry... APPLIED TO DB: partitions = test_notfail
