17:13:06 [INFO] Node-2: Node initialized. State: FOLLOWER, Term: 0
17:13:06 [INFO] Node-2: Server started listening on 127.0.0.1:50052
17:13:07 [INFO] Node-2: Voted YES for Node 1 in Term 1
17:13:11 [INFO] Node-2: Voted YES for Node 1 in Term 2
17:13:16 [INFO] Node-2: Voted YES for Node 1 in Term 3
17:13:21 [WARNING] Node-2: Election timeout (4.78s). Starting election...
17:13:21 [INFO] Node-2: Became CANDIDATE. Term: 4. Requesting votes...
17:13:21 [INFO] Node-2: Vote received from Node 1. Total: 2
17:13:21 [INFO] Node-2: Vote received from Node 3. Total: 3
17:13:21 [INFO] Node-2: *** BECAME LEADER (Term 4) ***
17:13:47 [INFO] Node-2: Server stopped.
17:17:06 [INFO] Node-2: Node initialized. State: FOLLOWER, Term: 0
17:17:06 [INFO] Node-2: Server started listening on 127.0.0.1:50052
17:17:07 [INFO] Node-2: Voted YES for Node 1 in Term 1
17:17:11 [INFO] Node-2: Voted YES for Node 1 in Term 2
17:21:25 [INFO] Node-2: Voted YES for Node 4 in Term 3
17:21:28 [INFO] Node-2: Server stopped.
17:21:30 [INFO] Node-2: Node initialized. State: FOLLOWER, Term: 0
17:21:30 [INFO] Node-2: Server started listening on 127.0.0.1:50052
17:22:21 [INFO] Node-2: Checking committed entry... APPLIED TO DB: student_name = NguyenVanA | Current DB: {'student_name': 'NguyenVanA'}
17:23:39 [INFO] Node-2: Voted YES for Node 1 in Term 4
17:23:54 [INFO] Node-2: Voted YES for Node 3 in Term 5
17:23:54 [INFO] Node-2: Voted YES for Node 1 in Term 6
17:23:58 [INFO] Node-2: Voted YES for Node 3 in Term 7
17:23:58 [INFO] Node-2: Voted YES for Node 1 in Term 8
17:24:02 [INFO] Node-2: Voted YES for Node 3 in Term 9
17:24:02 [INFO] Node-2: Voted YES for Node 1 in Term 10
17:24:07 [INFO] Node-2: Voted YES for Node 3 in Term 11
17:24:07 [INFO] Node-2: Voted YES for Node 1 in Term 12
17:24:12 [INFO] Node-2: Voted YES for Node 3 in Term 13
17:24:12 [INFO] Node-2: Voted YES for Node 1 in Term 14
17:24:17 [INFO] Node-2: Voted YES for Node 3 in Term 15
17:24:18 [INFO] Node-2: Voted YES for Node 1 in Term 16
17:24:22 [INFO] Node-2: Voted YES for Node 3 in Term 17
17:24:22 [INFO] Node-2: Voted YES for Node 1 in Term 18
17:24:27 [INFO] Node-2: Voted YES for Node 3 in Term 19
17:24:27 [INFO] Node-2: Voted YES for Node 1 in Term 20
17:24:32 [INFO] Node-2: Voted YES for Node 3 in Term 21
17:24:32 [INFO] Node-2: Voted YES for Node 1 in Term 22
17:24:35 [INFO] Node-2: Voted YES for Node 3 in Term 23
17:24:38 [INFO] Node-2: Voted YES for Node 1 in Term 24
17:24:40 [INFO] Node-2: Voted YES for Node 3 in Term 25
17:24:43 [INFO] Node-2: Voted YES for Node 1 in Term 26
17:24:43 [INFO] Node-2: Voted YES for Node 3 in Term 27
17:24:48 [INFO] Node-2: Voted YES for Node 1 in Term 28
17:24:48 [INFO] Node-2: Voted YES for Node 3 in Term 29
17:24:54 [INFO] Node-2: Voted YES for Node 1 in Term 30
17:24:55 [INFO] Node-2: Voted YES for Node 3 in Term 31
17:24:58 [INFO] Node-2: Voted YES for Node 1 in Term 32
17:24:59 [INFO] Node-2: Voted YES for Node 3 in Term 33
17:25:01 [INFO] Node-2: Voted YES for Node 1 in Term 34
17:25:05 [INFO] Node-2: Voted YES for Node 3 in Term 35
17:25:06 [INFO] Node-2: Voted YES for Node 1 in Term 36
17:25:08 [INFO] Node-2: Checking committed entry... APPLIED TO DB: student_name = HoVanB | Current DB: {'student_name': 'HoVanB'}
17:25:11 [INFO] Node-2: Voted YES for Node 1 in Term 38
17:25:22 [INFO] Node-2: Voted YES for Node 1 in Term 40
17:25:32 [INFO] Node-2: Voted YES for Node 1 in Term 42
17:25:42 [INFO] Node-2: Voted YES for Node 1 in Term 44
17:25:54 [INFO] Node-2: Voted YES for Node 1 in Term 46
17:26:05 [INFO] Node-2: Voted YES for Node 1 in Term 48
17:26:16 [INFO] Node-2: Voted YES for Node 1 in Term 50
17:26:19 [INFO] Node-2: Voted YES for Node 1 in Term 51
17:26:21 [INFO] Node-2: Server stopped.
17:26:33 [INFO] Node-2: Node initialized. State: FOLLOWER, Term: 0
17:26:33 [INFO] Node-2: Server started listening on 127.0.0.1:50052
17:26:35 [INFO] Node-2: Voted YES for Node 1 in Term 1
17:26:38 [INFO] Node-2: Voted YES for Node 1 in Term 2
17:26:42 [INFO] Node-2: Voted YES for Node 1 in Term 3
17:27:47 [INFO] Node-2: Checking committed entry... APPLIED TO DB: today = Tuesday | Current DB: {'today': 'Tuesday'}
17:28:50 [INFO] Node-2: Voted YES for Node 3 in Term 4
17:28:51 [INFO] Node-2: Voted YES for Node 1 in Term 5
17:28:54 [INFO] Node-2: Voted YES for Node 3 in Term 6
17:28:55 [INFO] Node-2: Voted YES for Node 1 in Term 7
17:28:58 [INFO] Node-2: Voted YES for Node 3 in Term 8
17:28:59 [INFO] Node-2: Voted YES for Node 1 in Term 9
17:29:02 [INFO] Node-2: Voted YES for Node 3 in Term 10
17:29:03 [INFO] Node-2: Voted YES for Node 1 in Term 11
17:29:07 [INFO] Node-2: Voted YES for Node 3 in Term 12
17:29:08 [INFO] Node-2: Voted YES for Node 1 in Term 13
17:29:13 [INFO] Node-2: Voted YES for Node 3 in Term 14
17:29:14 [INFO] Node-2: Voted YES for Node 1 in Term 15
17:29:19 [INFO] Node-2: Voted YES for Node 3 in Term 16
17:29:19 [INFO] Node-2: Voted YES for Node 1 in Term 17
17:29:23 [INFO] Node-2: Voted YES for Node 3 in Term 18
17:29:23 [INFO] Node-2: Voted YES for Node 1 in Term 19
17:29:28 [INFO] Node-2: Voted YES for Node 3 in Term 20
17:29:29 [INFO] Node-2: Voted YES for Node 1 in Term 21
17:29:32 [INFO] Node-2: Voted YES for Node 3 in Term 22
17:29:33 [INFO] Node-2: Voted YES for Node 1 in Term 23
17:29:37 [INFO] Node-2: Voted YES for Node 3 in Term 24
17:29:39 [INFO] Node-2: Voted YES for Node 1 in Term 25
17:29:42 [INFO] Node-2: Voted YES for Node 3 in Term 26
17:29:44 [INFO] Node-2: Voted YES for Node 1 in Term 27
17:29:46 [INFO] Node-2: Voted YES for Node 3 in Term 28
17:29:50 [INFO] Node-2: Voted YES for Node 1 in Term 29
17:29:51 [INFO] Node-2: Voted YES for Node 3 in Term 30
17:29:54 [INFO] Node-2: Voted YES for Node 1 in Term 31
17:29:57 [INFO] Node-2: Voted YES for Node 3 in Term 32
17:29:58 [INFO] Node-2: Voted YES for Node 1 in Term 33
17:30:00 [INFO] Node-2: Voted YES for Node 3 in Term 34
17:30:03 [INFO] Node-2: Voted YES for Node 1 in Term 35
17:30:05 [INFO] Node-2: Voted YES for Node 3 in Term 36
17:30:08 [INFO] Node-2: Voted YES for Node 1 in Term 37
17:30:08 [INFO] Node-2: Voted YES for Node 3 in Term 38
17:30:12 [INFO] Node-2: Voted YES for Node 1 in Term 39
17:30:14 [INFO] Node-2: Voted YES for Node 3 in Term 40
17:30:16 [INFO] Node-2: Voted YES for Node 1 in Term 41
17:30:19 [INFO] Node-2: Voted YES for Node 3 in Term 42
17:30:22 [INFO] Node-2: Voted YES for Node 1 in Term 43
17:30:25 [INFO] Node-2: Voted YES for Node 3 in Term 44
17:30:27 [INFO] Node-2: Voted YES for Node 1 in Term 45
17:30:29 [INFO] Node-2: Voted YES for Node 3 in Term 46
17:30:31 [INFO] Node-2: Voted YES for Node 1 in Term 47
17:30:33 [INFO] Node-2: Voted YES for Node 3 in Term 48
17:30:35 [INFO] Node-2: Voted YES for Node 1 in Term 49
17:30:37 [INFO] Node-2: Voted YES for Node 3 in Term 50
17:30:40 [INFO] Node-2: Voted YES for Node 1 in Term 51
17:30:42 [INFO] Node-2: Voted YES for Node 3 in Term 52
17:30:46 [INFO] Node-2: Voted YES for Node 1 in Term 53
17:30:46 [INFO] Node-2: Voted YES for Node 3 in Term 54
17:30:51 [INFO] Node-2: Voted YES for Node 1 in Term 55
17:30:51 [INFO] Node-2: Voted YES for Node 3 in Term 56
17:30:54 [INFO] Node-2: Voted YES for Node 1 in Term 57
17:30:55 [INFO] Node-2: Voted YES for Node 3 in Term 58
17:30:58 [INFO] Node-2: Voted YES for Node 1 in Term 59
17:31:00 [INFO] Node-2: Voted YES for Node 3 in Term 60
17:31:04 [INFO] Node-2: Voted YES for Node 1 in Term 61
17:31:06 [INFO] Node-2: Voted YES for Node 3 in Term 62
17:31:09 [INFO] Node-2: Voted YES for Node 1 in Term 63
17:31:10 [INFO] Node-2: Voted YES for Node 3 in Term 64
17:31:14 [INFO] Node-2: Voted YES for Node 1 in Term 65
17:31:15 [INFO] Node-2: Voted YES for Node 3 in Term 66
17:31:18 [INFO] Node-2: Voted YES for Node 1 in Term 67
17:31:20 [INFO] Node-2: Voted YES for Node 3 in Term 68
17:31:24 [INFO] Node-2: Voted YES for Node 1 in Term 69
17:31:24 [INFO] Node-2: Voted YES for Node 3 in Term 70
17:31:29 [INFO] Node-2: Voted YES for Node 1 in Term 71
17:31:30 [INFO] Node-2: Voted YES for Node 3 in Term 72
17:31:34 [INFO] Node-2: Voted YES for Node 1 in Term 73
17:31:34 [INFO] Node-2: Voted YES for Node 3 in Term 74
17:31:39 [INFO] Node-2: Voted YES for Node 1 in Term 75
17:31:39 [INFO] Node-2: Voted YES for Node 3 in Term 76
17:31:43 [INFO] Node-2: Voted YES for Node 1 in Term 77
17:31:44 [INFO] Node-2: Voted YES for Node 3 in Term 78
17:31:47 [INFO] Node-2: Voted YES for Node 1 in Term 79
17:31:49 [INFO] Node-2: Voted YES for Node 3 in Term 80
17:31:53 [INFO] Node-2: Voted YES for Node 1 in Term 81
17:31:54 [INFO] Node-2: Voted YES for Node 3 in Term 82
17:31:58 [INFO] Node-2: Voted YES for Node 1 in Term 83
17:31:59 [INFO] Node-2: Voted YES for Node 3 in Term 84
17:32:02 [INFO] Node-2: Voted YES for Node 1 in Term 85
17:32:03 [INFO] Node-2: Voted YES for Node 3 in Term 86
17:32:06 [INFO] Node-2: Voted YES for Node 1 in Term 87
17:32:09 [INFO] Node-2: Voted YES for Node 3 in Term 88
17:32:09 [INFO] Node-2: Voted YES for Node 1 in Term 89
17:32:14 [INFO] Node-2: Voted YES for Node 3 in Term 90
17:32:14 [INFO] Node-2: Voted YES for Node 1 in Term 91
17:32:20 [INFO] Node-2: Voted YES for Node 3 in Term 92
17:32:20 [INFO] Node-2: Voted YES for Node 1 in Term 93
17:32:24 [INFO] Node-2: Voted YES for Node 3 in Term 94
17:32:25 [INFO] Node-2: Voted YES for Node 1 in Term 95
17:32:28 [INFO] Node-2: Voted YES for Node 3 in Term 96
17:32:28 [INFO] Node-2: Voted YES for Node 1 in Term 97
17:32:33 [INFO] Node-2: Voted YES for Node 3 in Term 98
17:32:33 [INFO] Node-2: Voted YES for Node 1 in Term 99
17:32:37 [INFO] Node-2: Voted YES for Node 3 in Term 100
17:32:37 [INFO] Node-2: Voted YES for Node 1 in Term 101
17:32:40 [INFO] Node-2: Voted YES for Node 3 in Term 102
17:32:43 [INFO] Node-2: Voted YES for Node 1 in Term 103
17:32:45 [INFO] Node-2: Voted YES for Node 3 in Term 104
17:32:46 [INFO] Node-2: Voted YES for Node 1 in Term 105
17:32:49 [INFO] Node-2: Voted YES for Node 3 in Term 106
17:32:50 [INFO] Node-2: Voted YES for Node 1 in Term 107
17:32:55 [INFO] Node-2: Voted YES for Node 3 in Term 108
17:32:56 [INFO] Node-2: Voted YES for Node 1 in Term 109
17:32:58 [INFO] Node-2: Voted YES for Node 3 in Term 110
17:32:59 [INFO] Node-2: Voted YES for Node 1 in Term 111
17:33:01 [INFO] Node-2: Voted YES for Node 3 in Term 112
17:33:03 [INFO] Node-2: Voted YES for Node 1 in Term 113
17:33:06 [INFO] Node-2: Voted YES for Node 3 in Term 114
17:33:09 [INFO] Node-2: Voted YES for Node 1 in Term 115
17:33:10 [INFO] Node-2: Voted YES for Node 3 in Term 116
17:33:15 [INFO] Node-2: Voted YES for Node 1 in Term 117
17:33:15 [INFO] Node-2: Voted YES for Node 3 in Term 118
17:33:18 [INFO] Node-2: Voted YES for Node 1 in Term 119
17:33:19 [INFO] Node-2: Voted YES for Node 3 in Term 120
17:33:23 [INFO] Node-2: Voted YES for Node 1 in Term 121
17:33:24 [INFO] Node-2: Voted YES for Node 3 in Term 122
17:33:28 [INFO] Node-2: Voted YES for Node 1 in Term 123
17:33:28 [INFO] Node-2: Voted YES for Node 3 in Term 124
17:33:32 [INFO] Node-2: Voted YES for Node 1 in Term 125
17:33:33 [INFO] Node-2: Voted YES for Node 3 in Term 126
17:33:36 [INFO] Node-2: Voted YES for Node 1 in Term 127
17:33:38 [INFO] Node-2: Voted YES for Node 3 in Term 128
17:33:40 [INFO] Node-2: Voted YES for Node 1 in Term 129
17:33:42 [INFO] Node-2: Voted YES for Node 3 in Term 130
17:33:45 [INFO] Node-2: Voted YES for Node 1 in Term 131
17:33:46 [INFO] Node-2: Voted YES for Node 3 in Term 132
17:33:49 [INFO] Node-2: Voted YES for Node 1 in Term 133
17:33:50 [INFO] Node-2: Voted YES for Node 3 in Term 134
17:33:56 [INFO] Node-2: Server stopped.
17:34:52 [INFO] Node-2: Node initialized. State: FOLLOWER, Term: 0
17:34:52 [INFO] Node-2: Server started listening on 127.0.0.1:50052
17:34:53 [INFO] Node-2: Voted YES for Node 1 in Term 1
17:34:57 [INFO] Node-2: Voted YES for Node 1 in Term 2
17:35:07 [WARNING] Node-2: Partition updated. Blocked: ['127.0.0.1:50053', '127.0.0.1:50054', '127.0.0.1:50055']
17:35:10 [INFO] Node-2: Voted YES for Node 1 in Term 4
17:35:15 [WARNING] Node-2: Election timeout (4.88s). Starting election...
17:35:15 [INFO] Node-2: Became CANDIDATE. Term: 5. Requesting votes...
17:35:15 [DEBUG] Node-2: Vote received from Node 1. Total: 2
17:35:20 [WARNING] Node-2: Election timeout (4.99s). Starting election...
17:35:20 [INFO] Node-2: Became CANDIDATE. Term: 6. Requesting votes...
17:35:20 [DEBUG] Node-2: Vote received from Node 1. Total: 2
17:35:26 [INFO] Node-2: Voted YES for Node 1 in Term 7
17:35:30 [INFO] Node-2: Voted YES for Node 1 in Term 8
17:35:34 [INFO] Node-2: Voted YES for Node 1 in Term 9
17:35:38 [INFO] Node-2: Voted YES for Node 1 in Term 10
17:35:43 [INFO] Node-2: Voted YES for Node 1 in Term 11
17:35:49 [INFO] Node-2: Voted YES for Node 1 in Term 12
17:35:52 [INFO] Node-2: Voted YES for Node 1 in Term 13
17:35:57 [INFO] Node-2: Voted YES for Node 1 in Term 14
17:36:00 [INFO] Node-2: Voted YES for Node 1 in Term 15
17:36:05 [INFO] Node-2: Voted YES for Node 1 in Term 16
17:36:10 [WARNING] Node-2: Election timeout (5.88s). Starting election...
17:36:10 [INFO] Node-2: Became CANDIDATE. Term: 17. Requesting votes...
17:36:10 [DEBUG] Node-2: Vote received from Node 1. Total: 2
17:36:15 [WARNING] Node-2: Election timeout (5.07s). Starting election...
17:36:15 [INFO] Node-2: Became CANDIDATE. Term: 18. Requesting votes...
17:36:16 [DEBUG] Node-2: Vote received from Node 1. Total: 2
17:36:21 [WARNING] Node-2: Election timeout (5.90s). Starting election...
17:36:21 [INFO] Node-2: Became CANDIDATE. Term: 19. Requesting votes...
17:36:21 [DEBUG] Node-2: Vote received from Node 1. Total: 2
17:36:25 [WARNING] Node-2: Election timeout (3.22s). Starting election...
17:36:25 [INFO] Node-2: Became CANDIDATE. Term: 20. Requesting votes...
17:36:25 [DEBUG] Node-2: Vote received from Node 1. Total: 2
17:36:30 [WARNING] Node-2: Election timeout (5.19s). Starting election...
17:36:30 [INFO] Node-2: Became CANDIDATE. Term: 21. Requesting votes...
17:36:30 [DEBUG] Node-2: Vote received from Node 1. Total: 2
17:36:34 [WARNING] Node-2: Election timeout (3.93s). Starting election...
17:36:34 [INFO] Node-2: Became CANDIDATE. Term: 22. Requesting votes...
17:36:34 [DEBUG] Node-2: Vote received from Node 1. Total: 2
17:36:38 [WARNING] Node-2: Election timeout (4.57s). Starting election...
17:36:38 [INFO] Node-2: Became CANDIDATE. Term: 23. Requesting votes...
17:36:38 [DEBUG] Node-2: Vote received from Node 1. Total: 2
17:36:44 [WARNING] Node-2: Election timeout (5.40s). Starting election...
17:36:44 [INFO] Node-2: Became CANDIDATE. Term: 24. Requesting votes...
17:36:44 [DEBUG] Node-2: Vote received from Node 1. Total: 2
17:36:48 [WARNING] Node-2: Election timeout (4.56s). Starting election...
17:36:48 [INFO] Node-2: Became CANDIDATE. Term: 25. Requesting votes...
17:36:48 [DEBUG] Node-2: Vote received from Node 1. Total: 2
17:36:54 [WARNING] Node-2: Election timeout (5.69s). Starting election...
17:36:54 [INFO] Node-2: Became CANDIDATE. Term: 26. Requesting votes...
17:36:54 [DEBUG] Node-2: Vote received from Node 1. Total: 2
17:36:57 [WARNING] Node-2: Election timeout (3.21s). Starting election...
17:36:57 [INFO] Node-2: Became CANDIDATE. Term: 27. Requesting votes...
17:36:57 [DEBUG] Node-2: Vote received from Node 1. Total: 2
17:37:01 [WARNING] Node-2: Election timeout (3.84s). Starting election...
17:37:01 [INFO] Node-2: Became CANDIDATE. Term: 28. Requesting votes...
17:37:01 [DEBUG] Node-2: Vote received from Node 1. Total: 2
17:37:06 [WARNING] Node-2: Election timeout (4.56s). Starting election...
17:37:06 [INFO] Node-2: Became CANDIDATE. Term: 29. Requesting votes...
17:37:06 [DEBUG] Node-2: Vote received from Node 1. Total: 2
17:37:11 [WARNING] Node-2: Election timeout (5.91s). Starting election...
17:37:11 [INFO] Node-2: Became CANDIDATE. Term: 30. Requesting votes...
17:37:11 [DEBUG] Node-2: Vote received from Node 1. Total: 2
17:37:17 [WARNING] Node-2: Election timeout (5.80s). Starting election...
17:37:17 [INFO] Node-2: Became CANDIDATE. Term: 31. Requesting votes...
17:37:17 [DEBUG] Node-2: Vote received from Node 1. Total: 2
17:37:21 [WARNING] Node-2: Election timeout (3.53s). Starting election...
17:37:21 [INFO] Node-2: Became CANDIDATE. Term: 32. Requesting votes...
17:37:21 [DEBUG] Node-2: Vote received from Node 1. Total: 2
17:37:25 [WARNING] Node-2: Election timeout (4.55s). Starting election...
17:37:25 [INFO] Node-2: Became CANDIDATE. Term: 33. Requesting votes...
17:37:25 [DEBUG] Node-2: Vote received from Node 1. Total: 2
17:37:29 [WARNING] Node-2: Election timeout (3.41s). Starting election...
17:37:29 [INFO] Node-2: Became CANDIDATE. Term: 34. Requesting votes...
17:37:29 [DEBUG] Node-2: Vote received from Node 1. Total: 2
17:37:34 [WARNING] Node-2: Election timeout (5.71s). Starting election...
17:37:34 [INFO] Node-2: Became CANDIDATE. Term: 35. Requesting votes...
17:37:34 [DEBUG] Node-2: Vote received from Node 1. Total: 2
17:37:40 [WARNING] Node-2: Election timeout (5.18s). Starting election...
17:37:40 [INFO] Node-2: Became CANDIDATE. Term: 36. Requesting votes...
17:37:40 [DEBUG] Node-2: Vote received from Node 1. Total: 2
17:37:45 [WARNING] Node-2: Election timeout (5.16s). Starting election...
17:37:45 [INFO] Node-2: Became CANDIDATE. Term: 37. Requesting votes...
17:37:45 [DEBUG] Node-2: Vote received from Node 1. Total: 2
17:37:50 [WARNING] Node-2: Election timeout (5.06s). Starting election...
17:37:50 [INFO] Node-2: Became CANDIDATE. Term: 38. Requesting votes...
17:37:50 [DEBUG] Node-2: Vote received from Node 1. Total: 2
17:37:54 [WARNING] Node-2: Election timeout (4.35s). Starting election...
17:37:54 [INFO] Node-2: Became CANDIDATE. Term: 39. Requesting votes...
17:37:54 [DEBUG] Node-2: Vote received from Node 1. Total: 2
17:37:58 [WARNING] Node-2: Election timeout (3.94s). Starting election...
17:37:58 [INFO] Node-2: Became CANDIDATE. Term: 40. Requesting votes...
17:37:58 [DEBUG] Node-2: Vote received from Node 1. Total: 2
17:38:02 [WARNING] Node-2: Election timeout (3.63s). Starting election...
17:38:02 [INFO] Node-2: Became CANDIDATE. Term: 41. Requesting votes...
17:38:02 [DEBUG] Node-2: Vote received from Node 1. Total: 2
17:38:07 [WARNING] Node-2: Election timeout (5.08s). Starting election...
17:38:07 [INFO] Node-2: Became CANDIDATE. Term: 42. Requesting votes...
17:38:07 [DEBUG] Node-2: Vote received from Node 1. Total: 2
17:38:12 [WARNING] Node-2: Election timeout (4.88s). Starting election...
17:38:12 [INFO] Node-2: Became CANDIDATE. Term: 43. Requesting votes...
17:38:12 [DEBUG] Node-2: Vote received from Node 1. Total: 2
17:38:15 [WARNING] Node-2: Election timeout (3.11s). Starting election...
17:38:15 [INFO] Node-2: Became CANDIDATE. Term: 44. Requesting votes...
17:38:15 [DEBUG] Node-2: Vote received from Node 1. Total: 2
17:38:18 [WARNING] Node-2: Election timeout (3.22s). Starting election...
17:38:18 [INFO] Node-2: Became CANDIDATE. Term: 45. Requesting votes...
17:38:18 [DEBUG] Node-2: Vote received from Node 1. Total: 2
17:38:24 [WARNING] Node-2: Election timeout (5.79s). Starting election...
17:38:24 [INFO] Node-2: Became CANDIDATE. Term: 46. Requesting votes...
17:38:24 [DEBUG] Node-2: Vote received from Node 1. Total: 2
17:38:28 [WARNING] Node-2: Election timeout (4.55s). Starting election...
17:38:28 [INFO] Node-2: Became CANDIDATE. Term: 47. Requesting votes...
17:38:28 [DEBUG] Node-2: Vote received from Node 1. Total: 2
17:38:33 [WARNING] Node-2: Election timeout (4.98s). Starting election...
17:38:33 [INFO] Node-2: Became CANDIDATE. Term: 48. Requesting votes...
17:38:33 [DEBUG] Node-2: Vote received from Node 1. Total: 2
17:38:39 [WARNING] Node-2: Election timeout (5.30s). Starting election...
17:38:39 [INFO] Node-2: Became CANDIDATE. Term: 49. Requesting votes...
17:38:39 [DEBUG] Node-2: Vote received from Node 1. Total: 2
17:38:43 [WARNING] Node-2: Election timeout (4.34s). Starting election...
17:38:43 [INFO] Node-2: Became CANDIDATE. Term: 50. Requesting votes...
17:38:43 [DEBUG] Node-2: Vote received from Node 1. Total: 2
17:38:48 [WARNING] Node-2: Election timeout (4.88s). Starting election...
17:38:48 [INFO] Node-2: Became CANDIDATE. Term: 51. Requesting votes...
17:38:48 [DEBUG] Node-2: Vote received from Node 1. Total: 2
17:38:51 [WARNING] Node-2: Election timeout (3.54s). Starting election...
17:38:51 [INFO] Node-2: Became CANDIDATE. Term: 52. Requesting votes...
17:38:51 [DEBUG] Node-2: Vote received from Node 1. Total: 2
17:38:56 [WARNING] Node-2: Election timeout (4.78s). Starting election...
17:38:56 [INFO] Node-2: Became CANDIDATE. Term: 53. Requesting votes...
17:38:56 [DEBUG] Node-2: Vote received from Node 1. Total: 2
17:39:02 [WARNING] Node-2: Election timeout (5.50s). Starting election...
17:39:02 [INFO] Node-2: Became CANDIDATE. Term: 54. Requesting votes...
17:39:02 [DEBUG] Node-2: Vote received from Node 1. Total: 2
17:39:07 [WARNING] Node-2: Election timeout (4.87s). Starting election...
17:39:07 [INFO] Node-2: Became CANDIDATE. Term: 55. Requesting votes...
17:39:07 [DEBUG] Node-2: Vote received from Node 1. Total: 2
17:39:10 [WARNING] Node-2: Election timeout (3.11s). Starting election...
17:39:10 [INFO] Node-2: Became CANDIDATE. Term: 56. Requesting votes...
17:39:10 [DEBUG] Node-2: Vote received from Node 1. Total: 2
17:39:13 [WARNING] Node-2: Election timeout (3.30s). Starting election...
17:39:13 [INFO] Node-2: Became CANDIDATE. Term: 57. Requesting votes...
17:39:13 [DEBUG] Node-2: Vote received from Node 1. Total: 2
17:39:18 [WARNING] Node-2: Election timeout (4.74s). Starting election...
17:39:18 [INFO] Node-2: Became CANDIDATE. Term: 58. Requesting votes...
17:39:18 [DEBUG] Node-2: Vote received from Node 1. Total: 2
17:39:22 [WARNING] Node-2: Election timeout (3.92s). Starting election...
17:39:22 [INFO] Node-2: Became CANDIDATE. Term: 59. Requesting votes...
17:39:22 [DEBUG] Node-2: Vote received from Node 1. Total: 2
17:39:26 [WARNING] Node-2: Election timeout (4.45s). Starting election...
17:39:26 [INFO] Node-2: Became CANDIDATE. Term: 60. Requesting votes...
17:39:26 [DEBUG] Node-2: Vote received from Node 1. Total: 2
17:39:31 [WARNING] Node-2: Election timeout (4.76s). Starting election...
17:39:31 [INFO] Node-2: Became CANDIDATE. Term: 61. Requesting votes...
17:39:31 [DEBUG] Node-2: Vote received from Node 1. Total: 2
17:39:34 [WARNING] Node-2: Election timeout (3.52s). Starting election...
17:39:34 [INFO] Node-2: Became CANDIDATE. Term: 62. Requesting votes...
17:39:34 [DEBUG] Node-2: Vote received from Node 1. Total: 2
17:39:38 [WARNING] Node-2: Election timeout (3.93s). Starting election...
17:39:38 [INFO] Node-2: Became CANDIDATE. Term: 63. Requesting votes...
17:39:38 [DEBUG] Node-2: Vote received from Node 1. Total: 2
17:39:44 [WARNING] Node-2: Election timeout (5.80s). Starting election...
17:39:44 [INFO] Node-2: Became CANDIDATE. Term: 64. Requesting votes...
17:39:44 [DEBUG] Node-2: Vote received from Node 1. Total: 2
17:39:49 [WARNING] Node-2: Election timeout (5.26s). Starting election...
17:39:49 [INFO] Node-2: Became CANDIDATE. Term: 65. Requesting votes...
17:39:49 [DEBUG] Node-2: Vote received from Node 1. Total: 2
17:39:55 [WARNING] Node-2: Election timeout (5.60s). Starting election...
17:39:55 [INFO] Node-2: Became CANDIDATE. Term: 66. Requesting votes...
17:39:55 [DEBUG] Node-2: Vote received from Node 1. Total: 2
17:39:59 [WARNING] Node-2: Election timeout (3.53s). Starting election...
17:39:59 [INFO] Node-2: Became CANDIDATE. Term: 67. Requesting votes...
17:39:59 [DEBUG] Node-2: Vote received from Node 1. Total: 2
17:40:02 [WARNING] Node-2: Election timeout (3.74s). Starting election...
17:40:02 [INFO] Node-2: Became CANDIDATE. Term: 68. Requesting votes...
17:40:02 [DEBUG] Node-2: Vote received from Node 1. Total: 2
17:40:06 [WARNING] Node-2: Election timeout (3.63s). Starting election...
17:40:06 [INFO] Node-2: Became CANDIDATE. Term: 69. Requesting votes...
17:40:06 [DEBUG] Node-2: Vote received from Node 1. Total: 2
17:40:10 [WARNING] Node-2: Election timeout (3.74s). Starting election...
17:40:10 [INFO] Node-2: Became CANDIDATE. Term: 70. Requesting votes...
17:40:10 [DEBUG] Node-2: Vote received from Node 1. Total: 2
17:40:16 [INFO] Node-2: Voted YES for Node 1 in Term 71
17:40:19 [INFO] Node-2: Voted YES for Node 1 in Term 72
17:40:24 [INFO] Node-2: Server stopped.
17:40:42 [INFO] Node-2: Node initialized. State: FOLLOWER, Term: 0
17:40:42 [INFO] Node-2: Server started listening on 127.0.0.1:50052
17:40:43 [INFO] Node-2: Voted YES for Node 1 in Term 1
17:40:48 [INFO] Node-2: Voted YES for Node 1 in Term 2
17:42:03 [WARNING] Node-2: Partition updated. Blocked: ['127.0.0.1:50053', '127.0.0.1:50054', '127.0.0.1:50055']
17:45:32 [WARNING] Node-2: Election timeout (5.20s). Starting election...
17:45:32 [INFO] Node-2: Became CANDIDATE. Term: 3. Requesting votes...
17:45:32 [INFO] Node-2: Server stopped.
17:45:52 [INFO] Node-2: Node initialized. State: FOLLOWER, Term: 0
17:45:52 [INFO] Node-2: Server started listening on 127.0.0.1:50052
17:45:53 [INFO] Node-2: Voted YES for Node 1 in Term 1
17:45:56 [INFO] Node-2: Voted YES for Node 1 in Term 2
17:46:19 [WARNING] Node-2: Partition updated. Blocked: ['127.0.0.1:50053', '127.0.0.1:50054', '127.0.0.1:50055']
17:53:21 [WARNING] Node-2: Partition updated. Blocked: []
17:53:21 [INFO] Node-2: Voted YES for Node 1 in Term 4
17:53:21 [INFO] Node-2: Voted YES for Node 3 in Term 5
17:53:21 [INFO] Node-2: Checking committed entry... APPLIED TO DB: partitions = test_notfail
