17:13:17 [INFO] Node-3: Node initialized. State: FOLLOWER, Term: 0
17:13:17 [INFO] Node-3: Server started listening on 127.0.0.1:50053
17:13:20 [WARNING] Node-3: Election timeout (3.12s). Starting election...
17:13:20 [INFO] Node-3: Became CANDIDATE. Term: 1. Requesting votes...
17:13:20 [INFO] Node-3: Node 2 has higher term 3. Stepping down.
17:13:21 [INFO] Node-3: Voted YES for Node 2 in Term 4
17:13:50 [WARNING] Node-3: Election timeout (3.45s). Starting election...
17:13:50 [INFO] Node-3: Became CANDIDATE. Term: 5. Requesting votes...
17:13:50 [INFO] Node-3: Vote received from Node 1. Total: 2
17:13:55 [WARNING] Node-3: Election timeout (4.66s). Starting election...
17:13:55 [INFO] Node-3: Became CANDIDATE. Term: 6. Requesting votes...
17:13:55 [INFO] Node-3: Vote received from Node 1. Total: 2
17:14:00 [WARNING] Node-3: Election timeout (5.50s). Starting election...
17:14:00 [INFO] Node-3: Became CANDIDATE. Term: 7. Requesting votes...
17:14:00 [INFO] Node-3: Vote received from Node 1. Total: 2
17:14:06 [WARNING] Node-3: Election timeout (5.83s). Starting election...
17:14:06 [INFO] Node-3: Became CANDIDATE. Term: 8. Requesting votes...
17:14:06 [INFO] Node-3: Vote received from Node 1. Total: 2
17:14:11 [WARNING] Node-3: Election timeout (5.00s). Starting election...
17:14:11 [INFO] Node-3: Became CANDIDATE. Term: 9. Requesting votes...
17:14:11 [INFO] Node-3: Vote received from Node 1. Total: 2
17:14:16 [WARNING] Node-3: Election timeout (4.68s). Starting election...
17:14:16 [INFO] Node-3: Became CANDIDATE. Term: 10. Requesting votes...
17:14:16 [INFO] Node-3: Vote received from Node 1. Total: 2
17:14:21 [WARNING] Node-3: Election timeout (5.51s). Starting election...
17:14:21 [INFO] Node-3: Became CANDIDATE. Term: 11. Requesting votes...
17:14:21 [INFO] Node-3: Vote received from Node 1. Total: 2
17:14:27 [WARNING] Node-3: Election timeout (5.93s). Starting election...
17:14:27 [INFO] Node-3: Became CANDIDATE. Term: 12. Requesting votes...
17:14:27 [INFO] Node-3: Vote received from Node 1. Total: 2
17:14:31 [WARNING] Node-3: Election timeout (3.52s). Starting election...
17:14:31 [INFO] Node-3: Became CANDIDATE. Term: 13. Requesting votes...
17:14:31 [INFO] Node-3: Vote received from Node 1. Total: 2
17:14:35 [WARNING] Node-3: Election timeout (4.15s). Starting election...
17:14:35 [INFO] Node-3: Became CANDIDATE. Term: 14. Requesting votes...
17:14:35 [INFO] Node-3: Vote received from Node 1. Total: 2
17:14:40 [WARNING] Node-3: Election timeout (5.28s). Starting election...
17:14:40 [INFO] Node-3: Became CANDIDATE. Term: 15. Requesting votes...
17:14:40 [INFO] Node-3: Vote received from Node 1. Total: 2
17:14:45 [WARNING] Node-3: Election timeout (4.36s). Starting election...
17:14:45 [INFO] Node-3: Became CANDIDATE. Term: 16. Requesting votes...
17:14:45 [INFO] Node-3: Vote received from Node 1. Total: 2
17:14:49 [WARNING] Node-3: Election timeout (4.47s). Starting election...
17:14:49 [INFO] Node-3: Became CANDIDATE. Term: 17. Requesting votes...
17:14:49 [INFO] Node-3: Vote received from Node 1. Total: 2
17:14:54 [WARNING] Node-3: Election timeout (4.57s). Starting election...
17:14:54 [INFO] Node-3: Became CANDIDATE. Term: 18. Requesting votes...
17:14:54 [INFO] Node-3: Vote received from Node 1. Total: 2
17:14:57 [WARNING] Node-3: Election timeout (3.52s). Starting election...
17:14:57 [INFO] Node-3: Became CANDIDATE. Term: 19. Requesting votes...
17:14:57 [INFO] Node-3: Vote received from Node 1. Total: 2
17:15:01 [WARNING] Node-3: Election timeout (3.63s). Starting election...
17:15:01 [INFO] Node-3: Became CANDIDATE. Term: 20. Requesting votes...
17:15:01 [INFO] Node-3: Vote received from Node 1. Total: 2
17:15:05 [WARNING] Node-3: Election timeout (4.15s). Starting election...
17:15:05 [INFO] Node-3: Became CANDIDATE. Term: 21. Requesting votes...
17:15:05 [INFO] Node-3: Vote received from Node 1. Total: 2
17:15:10 [WARNING] Node-3: Election timeout (4.67s). Starting election...
17:15:10 [INFO] Node-3: Became CANDIDATE. Term: 22. Requesting votes...
17:15:10 [INFO] Node-3: Vote received from Node 1. Total: 2
17:15:13 [WARNING] Node-3: Election timeout (3.94s). Starting election...
17:15:13 [INFO] Node-3: Became CANDIDATE. Term: 23. Requesting votes...
17:15:13 [INFO] Node-3: Vote received from Node 1. Total: 2
17:15:19 [WARNING] Node-3: Election timeout (6.00s). Starting election...
17:15:19 [INFO] Node-3: Became CANDIDATE. Term: 24. Requesting votes...
17:15:19 [INFO] Node-3: Vote received from Node 1. Total: 2
17:15:25 [WARNING] Node-3: Election timeout (5.79s). Starting election...
17:15:25 [INFO] Node-3: Became CANDIDATE. Term: 25. Requesting votes...
17:15:25 [INFO] Node-3: Vote received from Node 1. Total: 2
17:15:29 [WARNING] Node-3: Election timeout (4.16s). Starting election...
17:15:29 [INFO] Node-3: Became CANDIDATE. Term: 26. Requesting votes...
17:15:29 [INFO] Node-3: Vote received from Node 1. Total: 2
17:15:34 [WARNING] Node-3: Election timeout (4.37s). Starting election...
17:15:34 [INFO] Node-3: Became CANDIDATE. Term: 27. Requesting votes...
17:15:34 [INFO] Node-3: Vote received from Node 1. Total: 2
17:15:37 [WARNING] Node-3: Election timeout (3.62s). Starting election...
17:15:37 [INFO] Node-3: Became CANDIDATE. Term: 28. Requesting votes...
17:15:37 [INFO] Node-3: Vote received from Node 1. Total: 2
17:15:43 [WARNING] Node-3: Election timeout (6.03s). Starting election...
17:15:43 [INFO] Node-3: Became CANDIDATE. Term: 29. Requesting votes...
17:15:43 [INFO] Node-3: Vote received from Node 1. Total: 2
17:15:47 [WARNING] Node-3: Election timeout (3.74s). Starting election...
17:15:47 [INFO] Node-3: Became CANDIDATE. Term: 30. Requesting votes...
17:15:47 [INFO] Node-3: Vote received from Node 1. Total: 2
17:15:51 [WARNING] Node-3: Election timeout (3.94s). Starting election...
17:15:51 [INFO] Node-3: Became CANDIDATE. Term: 31. Requesting votes...
17:15:51 [INFO] Node-3: Vote received from Node 1. Total: 2
17:15:57 [WARNING] Node-3: Election timeout (5.62s). Starting election...
17:15:57 [INFO] Node-3: Became CANDIDATE. Term: 32. Requesting votes...
17:15:57 [INFO] Node-3: Vote received from Node 1. Total: 2
17:16:02 [WARNING] Node-3: Election timeout (5.52s). Starting election...
17:16:02 [INFO] Node-3: Became CANDIDATE. Term: 33. Requesting votes...
17:16:02 [INFO] Node-3: Vote received from Node 1. Total: 2
17:16:03 [INFO] Node-3: Server stopped.
17:17:10 [INFO] Node-3: Node initialized. State: FOLLOWER, Term: 0
17:17:10 [INFO] Node-3: Server started listening on 127.0.0.1:50053
17:17:11 [INFO] Node-3: Voted YES for Node 1 in Term 2
17:21:25 [INFO] Node-3: Voted YES for Node 4 in Term 3
17:21:34 [INFO] Node-3: Server stopped.
17:21:36 [INFO] Node-3: Node initialized. State: FOLLOWER, Term: 0
17:21:36 [INFO] Node-3: Server started listening on 127.0.0.1:50053
17:22:21 [INFO] Node-3: Checking committed entry... APPLIED TO DB: student_name = NguyenVanA | Current DB: {'student_name': 'NguyenVanA'}
17:23:39 [INFO] Node-3: Voted YES for Node 1 in Term 4
17:23:48 [WARNING] Node-3: Partition updated. Blocked: ['127.0.0.1:50051', '127.0.0.1:50052']
17:23:54 [WARNING] Node-3: Election timeout (5.84s). Starting election...
17:23:54 [INFO] Node-3: Became CANDIDATE. Term: 5. Requesting votes...
17:23:54 [DEBUG] Node-3: Vote received from Node 5. Total: 2
17:23:54 [DEBUG] Node-3: Vote received from Node 2. Total: 3
17:23:54 [INFO] Node-3: *** BECAME LEADER (Term 5) ***
17:23:58 [WARNING] Node-3: Election timeout (4.04s). Starting election...
17:23:58 [INFO] Node-3: Became CANDIDATE. Term: 7. Requesting votes...
17:23:58 [DEBUG] Node-3: Vote received from Node 4. Total: 2
17:23:58 [DEBUG] Node-3: Vote received from Node 5. Total: 3
17:23:58 [INFO] Node-3: *** BECAME LEADER (Term 7) ***
17:24:02 [WARNING] Node-3: Election timeout (4.27s). Starting election...
17:24:02 [INFO] Node-3: Became CANDIDATE. Term: 9. Requesting votes...
17:24:02 [DEBUG] Node-3: Vote received from Node 2. Total: 2
17:24:02 [DEBUG] Node-3: Vote received from Node 5. Total: 3
17:24:02 [INFO] Node-3: *** BECAME LEADER (Term 9) ***
17:24:07 [WARNING] Node-3: Election timeout (4.55s). Starting election...
17:24:07 [INFO] Node-3: Became CANDIDATE. Term: 11. Requesting votes...
17:24:07 [DEBUG] Node-3: Vote received from Node 5. Total: 2
17:24:07 [DEBUG] Node-3: Vote received from Node 2. Total: 3
17:24:07 [INFO] Node-3: *** BECAME LEADER (Term 11) ***
17:24:12 [WARNING] Node-3: Election timeout (5.60s). Starting election...
17:24:12 [INFO] Node-3: Became CANDIDATE. Term: 13. Requesting votes...
17:24:12 [DEBUG] Node-3: Vote received from Node 4. Total: 2
17:24:12 [DEBUG] Node-3: Vote received from Node 2. Total: 3
17:24:12 [INFO] Node-3: *** BECAME LEADER (Term 13) ***
17:24:17 [WARNING] Node-3: Election timeout (4.68s). Starting election...
17:24:17 [INFO] Node-3: Became CANDIDATE. Term: 15. Requesting votes...
17:24:17 [DEBUG] Node-3: Vote received from Node 4. Total: 2
17:24:17 [DEBUG] Node-3: Vote received from Node 2. Total: 3
17:24:17 [INFO] Node-3: *** BECAME LEADER (Term 15) ***
17:24:22 [WARNING] Node-3: Election timeout (4.66s). Starting election...
17:24:22 [INFO] Node-3: Became CANDIDATE. Term: 17. Requesting votes...
17:24:22 [DEBUG] Node-3: Vote received from Node 4. Total: 2
17:24:22 [DEBUG] Node-3: Vote received from Node 5. Total: 3
17:24:22 [INFO] Node-3: *** BECAME LEADER (Term 17) ***
17:24:27 [WARNING] Node-3: Election timeout (5.60s). Starting election...
17:24:27 [INFO] Node-3: Became CANDIDATE. Term: 19. Requesting votes...
17:24:27 [DEBUG] Node-3: Vote received from Node 5. Total: 2
17:24:27 [DEBUG] Node-3: Vote received from Node 4. Total: 3
17:24:27 [INFO] Node-3: *** BECAME LEADER (Term 19) ***
17:24:32 [WARNING] Node-3: Election timeout (4.76s). Starting election...
17:24:32 [INFO] Node-3: Became CANDIDATE. Term: 21. Requesting votes...
17:24:32 [DEBUG] Node-3: Vote received from Node 5. Total: 2
17:24:32 [DEBUG] Node-3: Vote received from Node 4. Total: 3
17:24:32 [INFO] Node-3: *** BECAME LEADER (Term 21) ***
17:24:35 [WARNING] Node-3: Election timeout (3.22s). Starting election...
17:24:35 [INFO] Node-3: Became CANDIDATE. Term: 23. Requesting votes...
17:24:35 [DEBUG] Node-3: Vote received from Node 5. Total: 2
17:24:35 [DEBUG] Node-3: Vote received from Node 4. Total: 3
17:24:35 [INFO] Node-3: *** BECAME LEADER (Term 23) ***
17:24:40 [WARNING] Node-3: Election timeout (4.55s). Starting election...
17:24:40 [INFO] Node-3: Became CANDIDATE. Term: 25. Requesting votes...
17:24:40 [DEBUG] Node-3: Vote received from Node 2. Total: 2
17:24:40 [DEBUG] Node-3: Vote received from Node 5. Total: 3
17:24:40 [INFO] Node-3: *** BECAME LEADER (Term 25) ***
17:24:43 [WARNING] Node-3: Election timeout (3.63s). Starting election...
17:24:43 [INFO] Node-3: Became CANDIDATE. Term: 27. Requesting votes...
17:24:43 [DEBUG] Node-3: Vote received from Node 2. Total: 2
17:24:43 [DEBUG] Node-3: Vote received from Node 5. Total: 3
17:24:43 [INFO] Node-3: *** BECAME LEADER (Term 27) ***
17:24:48 [WARNING] Node-3: Election timeout (5.10s). Starting election...
17:24:48 [INFO] Node-3: Became CANDIDATE. Term: 29. Requesting votes...
17:24:48 [DEBUG] Node-3: Vote received from Node 2. Total: 2
17:24:48 [DEBUG] Node-3: Vote received from Node 5. Total: 3
17:24:48 [INFO] Node-3: *** BECAME LEADER (Term 29) ***
17:24:55 [WARNING] Node-3: Election timeout (6.11s). Starting election...
17:24:55 [INFO] Node-3: Became CANDIDATE. Term: 31. Requesting votes...
17:24:55 [DEBUG] Node-3: Vote received from Node 5. Total: 2
17:24:55 [DEBUG] Node-3: Vote received from Node 2. Total: 3
17:24:55 [INFO] Node-3: *** BECAME LEADER (Term 31) ***
17:24:59 [WARNING] Node-3: Election timeout (4.88s). Starting election...
17:24:59 [INFO] Node-3: Became CANDIDATE. Term: 33. Requesting votes...
17:24:59 [DEBUG] Node-3: Vote received from Node 2. Total: 2
17:24:59 [DEBUG] Node-3: Vote received from Node 5. Total: 3
17:24:59 [INFO] Node-3: *** BECAME LEADER (Term 33) ***
17:25:05 [WARNING] Node-3: Election timeout (5.90s). Starting election...
17:25:05 [INFO] Node-3: Became CANDIDATE. Term: 35. Requesting votes...
17:25:05 [DEBUG] Node-3: Vote received from Node 5. Total: 2
17:25:05 [DEBUG] Node-3: Vote received from Node 4. Total: 3
17:25:05 [INFO] Node-3: *** BECAME LEADER (Term 35) ***
17:25:11 [WARNING] Node-3: Election timeout (6.03s). Starting election...
17:25:11 [INFO] Node-3: Became CANDIDATE. Term: 37. Requesting votes...
17:25:16 [WARNING] Node-3: Election timeout (4.68s). Starting election...
17:25:16 [INFO] Node-3: Became CANDIDATE. Term: 38. Requesting votes...
17:25:22 [WARNING] Node-3: Election timeout (5.92s). Starting election...
17:25:22 [INFO] Node-3: Became CANDIDATE. Term: 39. Requesting votes...
17:25:27 [WARNING] Node-3: Election timeout (5.30s). Starting election...
17:25:27 [INFO] Node-3: Became CANDIDATE. Term: 40. Requesting votes...
17:25:32 [WARNING] Node-3: Election timeout (4.25s). Starting election...
17:25:32 [INFO] Node-3: Became CANDIDATE. Term: 41. Requesting votes...
17:25:38 [WARNING] Node-3: Election timeout (6.01s). Starting election...
17:25:38 [INFO] Node-3: Became CANDIDATE. Term: 42. Requesting votes...
17:25:42 [WARNING] Node-3: Election timeout (4.66s). Starting election...
17:25:42 [INFO] Node-3: Became CANDIDATE. Term: 43. Requesting votes...
17:25:48 [WARNING] Node-3: Election timeout (5.80s). Starting election...
17:25:48 [INFO] Node-3: Became CANDIDATE. Term: 44. Requesting votes...
17:25:54 [WARNING] Node-3: Election timeout (5.90s). Starting election...
17:25:54 [INFO] Node-3: Became CANDIDATE. Term: 45. Requesting votes...
17:26:00 [WARNING] Node-3: Election timeout (6.01s). Starting election...
17:26:00 [INFO] Node-3: Became CANDIDATE. Term: 46. Requesting votes...
17:26:05 [WARNING] Node-3: Election timeout (4.97s). Starting election...
17:26:05 [INFO] Node-3: Became CANDIDATE. Term: 47. Requesting votes...
17:26:10 [WARNING] Node-3: Election timeout (5.42s). Starting election...
17:26:10 [INFO] Node-3: Became CANDIDATE. Term: 48. Requesting votes...
17:26:16 [WARNING] Node-3: Election timeout (5.28s). Starting election...
17:26:16 [INFO] Node-3: Became CANDIDATE. Term: 49. Requesting votes...
17:26:17 [INFO] Node-3: Server stopped.
17:26:40 [INFO] Node-3: Node initialized. State: FOLLOWER, Term: 0
17:26:40 [INFO] Node-3: Server started listening on 127.0.0.1:50053
17:26:42 [INFO] Node-3: Voted YES for Node 1 in Term 3
17:27:47 [INFO] Node-3: Checking committed entry... APPLIED TO DB: today = Tuesday | Current DB: {'today': 'Tuesday'}
17:28:45 [WARNING] Node-3: Partition updated. Blocked: ['127.0.0.1:50051', '127.0.0.1:50052']
17:28:50 [WARNING] Node-3: Election timeout (5.15s). Starting election...
17:28:50 [INFO] Node-3: Became CANDIDATE. Term: 4. Requesting votes...
17:28:50 [DEBUG] Node-3: Vote received from Node 4. Total: 2
17:28:50 [DEBUG] Node-3: Vote received from Node 2. Total: 3
17:28:50 [INFO] Node-3: *** BECAME LEADER (Term 4) ***
17:28:54 [WARNING] Node-3: Election timeout (3.64s). Starting election...
17:28:54 [INFO] Node-3: Became CANDIDATE. Term: 6. Requesting votes...
17:28:54 [DEBUG] Node-3: Vote received from Node 5. Total: 2
17:28:54 [DEBUG] Node-3: Vote received from Node 4. Total: 3
17:28:54 [INFO] Node-3: *** BECAME LEADER (Term 6) ***
17:28:58 [WARNING] Node-3: Election timeout (4.34s). Starting election...
17:28:58 [INFO] Node-3: Became CANDIDATE. Term: 8. Requesting votes...
17:28:58 [DEBUG] Node-3: Vote received from Node 2. Total: 2
17:28:58 [DEBUG] Node-3: Vote received from Node 4. Total: 3
17:28:58 [INFO] Node-3: *** BECAME LEADER (Term 8) ***
17:29:02 [WARNING] Node-3: Election timeout (3.53s). Starting election...
17:29:02 [INFO] Node-3: Became CANDIDATE. Term: 10. Requesting votes...
17:29:02 [DEBUG] Node-3: Vote received from Node 4. Total: 2
17:29:02 [DEBUG] Node-3: Vote received from Node 2. Total: 3
17:29:02 [INFO] Node-3: *** BECAME LEADER (Term 10) ***
17:29:07 [WARNING] Node-3: Election timeout (5.70s). Starting election...
17:29:07 [INFO] Node-3: Became CANDIDATE. Term: 12. Requesting votes...
17:29:07 [DEBUG] Node-3: Vote received from Node 4. Total: 2
17:29:07 [DEBUG] Node-3: Vote received from Node 2. Total: 3
17:29:07 [INFO] Node-3: *** BECAME LEADER (Term 12) ***
17:29:13 [WARNING] Node-3: Election timeout (5.80s). Starting election...
17:29:13 [INFO] Node-3: Became CANDIDATE. Term: 14. Requesting votes...
17:29:13 [DEBUG] Node-3: Vote received from Node 4. Total: 2
17:29:13 [DEBUG] Node-3: Vote received from Node 5. Total: 3
17:29:13 [INFO] Node-3: *** BECAME LEADER (Term 14) ***
17:29:19 [WARNING] Node-3: Election timeout (5.59s). Starting election...
17:29:19 [INFO] Node-3: Became CANDIDATE. Term: 16. Requesting votes...
17:29:19 [DEBUG] Node-3: Vote received from Node 2. Total: 2
17:29:19 [DEBUG] Node-3: Vote received from Node 4. Total: 3
17:29:19 [INFO] Node-3: *** BECAME LEADER (Term 16) ***
17:29:23 [WARNING] Node-3: Election timeout (4.04s). Starting election...
17:29:23 [INFO] Node-3: Became CANDIDATE. Term: 18. Requesting votes...
17:29:23 [DEBUG] Node-3: Vote received from Node 4. Total: 2
17:29:23 [DEBUG] Node-3: Vote received from Node 5. Total: 3
17:29:23 [INFO] Node-3: *** BECAME LEADER (Term 18) ***
17:29:28 [WARNING] Node-3: Election timeout (5.19s). Starting election...
17:29:28 [INFO] Node-3: Became CANDIDATE. Term: 20. Requesting votes...
17:29:28 [DEBUG] Node-3: Vote received from Node 2. Total: 2
17:29:28 [DEBUG] Node-3: Vote received from Node 4. Total: 3
17:29:28 [INFO] Node-3: *** BECAME LEADER (Term 20) ***
17:29:32 [WARNING] Node-3: Election timeout (3.95s). Starting election...
17:29:32 [INFO] Node-3: Became CANDIDATE. Term: 22. Requesting votes...
17:29:32 [DEBUG] Node-3: Vote received from Node 5. Total: 2
17:29:32 [DEBUG] Node-3: Vote received from Node 2. Total: 3
17:29:32 [INFO] Node-3: *** BECAME LEADER (Term 22) ***
17:29:37 [WARNING] Node-3: Election timeout (5.28s). Starting election...
17:29:37 [INFO] Node-3: Became CANDIDATE. Term: 24. Requesting votes...
17:29:37 [DEBUG] Node-3: Vote received from Node 4. Total: 2
17:29:37 [DEBUG] Node-3: Vote received from Node 5. Total: 3
17:29:37 [INFO] Node-3: *** BECAME LEADER (Term 24) ***
17:29:42 [WARNING] Node-3: Election timeout (4.36s). Starting election...
17:29:42 [INFO] Node-3: Became CANDIDATE. Term: 26. Requesting votes...
17:29:42 [DEBUG] Node-3: Vote received from Node 5. Total: 2
17:29:42 [DEBUG] Node-3: Vote received from Node 4. Total: 3
17:29:42 [INFO] Node-3: *** BECAME LEADER (Term 26) ***
17:29:46 [WARNING] Node-3: Election timeout (4.76s). Starting election...
17:29:46 [INFO] Node-3: Became CANDIDATE. Term: 28. Requesting votes...
17:29:46 [DEBUG] Node-3: Vote received from Node 5. Total: 2
17:29:46 [DEBUG] Node-3: Vote received from Node 2. Total: 3
17:29:46 [INFO] Node-3: *** BECAME LEADER (Term 28) ***
17:29:51 [WARNING] Node-3: Election timeout (4.67s). Starting election...
17:29:51 [INFO] Node-3: Became CANDIDATE. Term: 30. Requesting votes...
17:29:51 [DEBUG] Node-3: Vote received from Node 4. Total: 2
17:29:51 [DEBUG] Node-3: Vote received from Node 2. Total: 3
17:29:51 [INFO] Node-3: *** BECAME LEADER (Term 30) ***
17:29:57 [WARNING] Node-3: Election timeout (5.93s). Starting election...
17:29:57 [INFO] Node-3: Became CANDIDATE. Term: 32. Requesting votes...
17:29:57 [DEBUG] Node-3: Vote received from Node 4. Total: 2
17:29:57 [DEBUG] Node-3: Vote received from Node 5. Total: 3
17:29:57 [INFO] Node-3: *** BECAME LEADER (Term 32) ***
17:30:00 [WARNING] Node-3: Election timeout (3.32s). Starting election...
17:30:00 [INFO] Node-3: Became CANDIDATE. Term: 34. Requesting votes...
17:30:00 [DEBUG] Node-3: Vote received from Node 2. Total: 2
17:30:00 [DEBUG] Node-3: Vote received from Node 5. Total: 3
17:30:00 [INFO] Node-3: *** BECAME LEADER (Term 34) ***
17:30:05 [WARNING] Node-3: Election timeout (4.66s). Starting election...
17:30:05 [INFO] Node-3: Became CANDIDATE. Term: 36. Requesting votes...
17:30:05 [DEBUG] Node-3: Vote received from Node 4. Total: 2
17:30:05 [DEBUG] Node-3: Vote received from Node 2. Total: 3
17:30:05 [INFO] Node-3: *** BECAME LEADER (Term 36) ***
17:30:08 [WARNING] Node-3: Election timeout (3.52s). Starting election...
17:30:08 [INFO] Node-3: Became CANDIDATE. Term: 38. Requesting votes...
17:30:08 [DEBUG] Node-3: Vote received from Node 4. Total: 2
17:30:08 [DEBUG] Node-3: Vote received from Node 5. Total: 3
17:30:08 [INFO] Node-3: *** BECAME LEADER (Term 38) ***
17:30:14 [WARNING] Node-3: Election timeout (5.50s). Starting election...
17:30:14 [INFO] Node-3: Became CANDIDATE. Term: 40. Requesting votes...
17:30:14 [DEBUG] Node-3: Vote received from Node 2. Total: 2
17:30:14 [DEBUG] Node-3: Vote received from Node 5. Total: 3
17:30:14 [INFO] Node-3: *** BECAME LEADER (Term 40) ***
17:30:19 [WARNING] Node-3: Election timeout (5.27s). Starting election...
17:30:19 [INFO] Node-3: Became CANDIDATE. Term: 42. Requesting votes...
17:30:19 [DEBUG] Node-3: Vote received from Node 4. Total: 2
17:30:19 [DEBUG] Node-3: Vote received from Node 5. Total: 3
17:30:19 [INFO] Node-3: *** BECAME LEADER (Term 42) ***
17:30:25 [WARNING] Node-3: Election timeout (5.28s). Starting election...
17:30:25 [INFO] Node-3: Became CANDIDATE. Term: 44. Requesting votes...
17:30:25 [DEBUG] Node-3: Vote received from Node 5. Total: 2
17:30:25 [DEBUG] Node-3: Vote received from Node 2. Total: 3
17:30:25 [INFO] Node-3: *** BECAME LEADER (Term 44) ***
17:30:29 [WARNING] Node-3: Election timeout (4.55s). Starting election...
17:30:29 [INFO] Node-3: Became CANDIDATE. Term: 46. Requesting votes...
17:30:29 [DEBUG] Node-3: Vote received from Node 2. Total: 2
17:30:29 [DEBUG] Node-3: Vote received from Node 4. Total: 3
17:30:29 [INFO] Node-3: *** BECAME LEADER (Term 46) ***
17:30:33 [WARNING] Node-3: Election timeout (3.65s). Starting election...
17:30:33 [INFO] Node-3: Became CANDIDATE. Term: 48. Requesting votes...
17:30:33 [DEBUG] Node-3: Vote received from Node 5. Total: 2
17:30:33 [DEBUG] Node-3: Vote received from Node 4. Total: 3
17:30:33 [INFO] Node-3: *** BECAME LEADER (Term 48) ***
17:30:37 [WARNING] Node-3: Election timeout (4.46s). Starting election...
17:30:37 [INFO] Node-3: Became CANDIDATE. Term: 50. Requesting votes...
17:30:37 [DEBUG] Node-3: Vote received from Node 2. Total: 2
17:30:37 [DEBUG] Node-3: Vote received from Node 5. Total: 3
17:30:37 [INFO] Node-3: *** BECAME LEADER (Term 50) ***
17:30:42 [WARNING] Node-3: Election timeout (4.77s). Starting election...
17:30:42 [INFO] Node-3: Became CANDIDATE. Term: 52. Requesting votes...
17:30:42 [DEBUG] Node-3: Vote received from Node 4. Total: 2
17:30:42 [DEBUG] Node-3: Vote received from Node 5. Total: 3
17:30:42 [INFO] Node-3: *** BECAME LEADER (Term 52) ***
17:30:46 [WARNING] Node-3: Election timeout (4.06s). Starting election...
17:30:46 [INFO] Node-3: Became CANDIDATE. Term: 54. Requesting votes...
17:30:46 [DEBUG] Node-3: Vote received from Node 4. Total: 2
17:30:46 [DEBUG] Node-3: Vote received from Node 2. Total: 3
17:30:46 [INFO] Node-3: *** BECAME LEADER (Term 54) ***
17:30:51 [WARNING] Node-3: Election timeout (4.56s). Starting election...
17:30:51 [INFO] Node-3: Became CANDIDATE. Term: 56. Requesting votes...
17:30:51 [DEBUG] Node-3: Vote received from Node 5. Total: 2
17:30:51 [DEBUG] Node-3: Vote received from Node 2. Total: 3
17:30:51 [INFO] Node-3: *** BECAME LEADER (Term 56) ***
17:30:55 [WARNING] Node-3: Election timeout (4.05s). Starting election...
17:30:55 [INFO] Node-3: Became CANDIDATE. Term: 58. Requesting votes...
17:30:55 [DEBUG] Node-3: Vote received from Node 2. Total: 2
17:30:55 [DEBUG] Node-3: Vote received from Node 5. Total: 3
17:30:55 [INFO] Node-3: *** BECAME LEADER (Term 58) ***
17:31:00 [WARNING] Node-3: Election timeout (5.48s). Starting election...
17:31:00 [INFO] Node-3: Became CANDIDATE. Term: 60. Requesting votes...
17:31:00 [DEBUG] Node-3: Vote received from Node 4. Total: 2
17:31:00 [DEBUG] Node-3: Vote received from Node 2. Total: 3
17:31:00 [INFO] Node-3: *** BECAME LEADER (Term 60) ***
17:31:06 [WARNING] Node-3: Election timeout (5.40s). Starting election...
17:31:06 [INFO] Node-3: Became CANDIDATE. Term: 62. Requesting votes...
17:31:06 [DEBUG] Node-3: Vote received from Node 2. Total: 2
17:31:06 [DEBUG] Node-3: Vote received from Node 4. Total: 3
17:31:06 [INFO] Node-3: *** BECAME LEADER (Term 62) ***
17:31:10 [WARNING] Node-3: Election timeout (4.75s). Starting election...
17:31:10 [INFO] Node-3: Became CANDIDATE. Term: 64. Requesting votes...
17:31:10 [DEBUG] Node-3: Vote received from Node 5. Total: 2
17:31:10 [DEBUG] Node-3: Vote received from Node 4. Total: 3
17:31:10 [INFO] Node-3: *** BECAME LEADER (Term 64) ***
17:31:15 [WARNING] Node-3: Election timeout (4.65s). Starting election...
17:31:15 [INFO] Node-3: Became CANDIDATE. Term: 66. Requesting votes...
17:31:15 [DEBUG] Node-3: Vote received from Node 4. Total: 2
17:31:15 [DEBUG] Node-3: Vote received from Node 2. Total: 3
17:31:15 [INFO] Node-3: *** BECAME LEADER (Term 66) ***
17:31:20 [WARNING] Node-3: Election timeout (5.39s). Starting election...
17:31:20 [INFO] Node-3: Became CANDIDATE. Term: 68. Requesting votes...
17:31:20 [DEBUG] Node-3: Vote received from Node 2. Total: 2
17:31:20 [DEBUG] Node-3: Vote received from Node 4. Total: 3
17:31:20 [INFO] Node-3: *** BECAME LEADER (Term 68) ***
17:31:24 [WARNING] Node-3: Election timeout (3.62s). Starting election...
17:31:24 [INFO] Node-3: Became CANDIDATE. Term: 70. Requesting votes...
17:31:24 [DEBUG] Node-3: Vote received from Node 2. Total: 2
17:31:24 [DEBUG] Node-3: Vote received from Node 4. Total: 3
17:31:24 [INFO] Node-3: *** BECAME LEADER (Term 70) ***
17:31:30 [WARNING] Node-3: Election timeout (5.80s). Starting election...
17:31:30 [INFO] Node-3: Became CANDIDATE. Term: 72. Requesting votes...
17:31:30 [DEBUG] Node-3: Vote received from Node 4. Total: 2
17:31:30 [DEBUG] Node-3: Vote received from Node 2. Total: 3
17:31:30 [INFO] Node-3: *** BECAME LEADER (Term 72) ***
17:31:34 [WARNING] Node-3: Election timeout (4.66s). Starting election...
17:31:34 [INFO] Node-3: Became CANDIDATE. Term: 74. Requesting votes...
17:31:34 [DEBUG] Node-3: Vote received from Node 5. Total: 2
17:31:34 [DEBUG] Node-3: Vote received from Node 2. Total: 3
17:31:34 [INFO] Node-3: *** BECAME LEADER (Term 74) ***
17:31:39 [WARNING] Node-3: Election timeout (4.99s). Starting election...
17:31:39 [INFO] Node-3: Became CANDIDATE. Term: 76. Requesting votes...
17:31:39 [DEBUG] Node-3: Vote received from Node 5. Total: 2
17:31:39 [DEBUG] Node-3: Vote received from Node 4. Total: 3
17:31:39 [INFO] Node-3: *** BECAME LEADER (Term 76) ***
17:31:44 [WARNING] Node-3: Election timeout (4.77s). Starting election...
17:31:44 [INFO] Node-3: Became CANDIDATE. Term: 78. Requesting votes...
17:31:44 [DEBUG] Node-3: Vote received from Node 2. Total: 2
17:31:44 [DEBUG] Node-3: Vote received from Node 5. Total: 3
17:31:44 [INFO] Node-3: *** BECAME LEADER (Term 78) ***
17:31:49 [WARNING] Node-3: Election timeout (4.96s). Starting election...
17:31:49 [INFO] Node-3: Became CANDIDATE. Term: 80. Requesting votes...
17:31:49 [DEBUG] Node-3: Vote received from Node 5. Total: 2
17:31:49 [DEBUG] Node-3: Vote received from Node 2. Total: 3
17:31:49 [INFO] Node-3: *** BECAME LEADER (Term 80) ***
17:31:54 [WARNING] Node-3: Election timeout (4.56s). Starting election...
17:31:54 [INFO] Node-3: Became CANDIDATE. Term: 82. Requesting votes...
17:31:54 [DEBUG] Node-3: Vote received from Node 4. Total: 2
17:31:54 [DEBUG] Node-3: Vote received from Node 5. Total: 3
17:31:54 [INFO] Node-3: *** BECAME LEADER (Term 82) ***
17:31:59 [WARNING] Node-3: Election timeout (5.08s). Starting election...
17:31:59 [INFO] Node-3: Became CANDIDATE. Term: 84. Requesting votes...
17:31:59 [DEBUG] Node-3: Vote received from Node 4. Total: 2
17:31:59 [DEBUG] Node-3: Vote received from Node 2. Total: 3
17:31:59 [INFO] Node-3: *** BECAME LEADER (Term 84) ***
17:32:03 [WARNING] Node-3: Election timeout (4.36s). Starting election...
17:32:03 [INFO] Node-3: Became CANDIDATE. Term: 86. Requesting votes...
17:32:03 [DEBUG] Node-3: Vote received from Node 5. Total: 2
17:32:03 [DEBUG] Node-3: Vote received from Node 4. Total: 3
17:32:03 [INFO] Node-3: *** BECAME LEADER (Term 86) ***
17:32:09 [WARNING] Node-3: Election timeout (5.90s). Starting election...
17:32:09 [INFO] Node-3: Became CANDIDATE. Term: 88. Requesting votes...
17:32:09 [DEBUG] Node-3: Vote received from Node 5. Total: 2
17:32:09 [DEBUG] Node-3: Vote received from Node 2. Total: 3
17:32:09 [INFO] Node-3: *** BECAME LEADER (Term 88) ***
17:32:14 [WARNING] Node-3: Election timeout (5.06s). Starting election...
17:32:14 [INFO] Node-3: Became CANDIDATE. Term: 90. Requesting votes...
17:32:14 [DEBUG] Node-3: Vote received from Node 4. Total: 2
17:32:14 [DEBUG] Node-3: Vote received from Node 2. Total: 3
17:32:14 [INFO] Node-3: *** BECAME LEADER (Term 90) ***
17:32:20 [WARNING] Node-3: Election timeout (5.50s). Starting election...
17:32:20 [INFO] Node-3: Became CANDIDATE. Term: 92. Requesting votes...
17:32:20 [DEBUG] Node-3: Vote received from Node 2. Total: 2
17:32:20 [DEBUG] Node-3: Vote received from Node 4. Total: 3
17:32:20 [INFO] Node-3: *** BECAME LEADER (Term 92) ***
17:32:24 [WARNING] Node-3: Election timeout (4.13s). Starting election...
17:32:24 [INFO] Node-3: Became CANDIDATE. Term: 94. Requesting votes...
17:32:24 [DEBUG] Node-3: Vote received from Node 2. Total: 2
17:32:24 [DEBUG] Node-3: Vote received from Node 5. Total: 3
17:32:24 [INFO] Node-3: *** BECAME LEADER (Term 94) ***
17:32:28 [WARNING] Node-3: Election timeout (4.04s). Starting election...
17:32:28 [INFO] Node-3: Became CANDIDATE. Term: 96. Requesting votes...
17:32:28 [DEBUG] Node-3: Vote received from Node 4. Total: 2
17:32:28 [DEBUG] Node-3: Vote received from Node 5. Total: 3
17:32:28 [INFO] Node-3: *** BECAME LEADER (Term 96) ***
17:32:33 [WARNING] Node-3: Election timeout (5.30s). Starting election...
17:32:33 [INFO] Node-3: Became CANDIDATE. Term: 98. Requesting votes...
17:32:33 [DEBUG] Node-3: Vote received from Node 4. Total: 2
17:32:33 [DEBUG] Node-3: Vote received from Node 2. Total: 3
17:32:33 [INFO] Node-3: *** BECAME LEADER (Term 98) ***
17:32:37 [WARNING] Node-3: Election timeout (3.64s). Starting election...
17:32:37 [INFO] Node-3: Became CANDIDATE. Term: 100. Requesting votes...
17:32:37 [DEBUG] Node-3: Vote received from Node 2. Total: 2
17:32:37 [DEBUG] Node-3: Vote received from Node 5. Total: 3
17:32:37 [INFO] Node-3: *** BECAME LEADER (Term 100) ***
17:32:40 [WARNING] Node-3: Election timeout (3.11s). Starting election...
17:32:40 [INFO] Node-3: Became CANDIDATE. Term: 102. Requesting votes...
17:32:40 [DEBUG] Node-3: Vote received from Node 2. Total: 2
17:32:40 [DEBUG] Node-3: Vote received from Node 4. Total: 3
17:32:40 [INFO] Node-3: *** BECAME LEADER (Term 102) ***
17:32:45 [WARNING] Node-3: Election timeout (5.09s). Starting election...
17:32:45 [INFO] Node-3: Became CANDIDATE. Term: 104. Requesting votes...
17:32:45 [DEBUG] Node-3: Vote received from Node 5. Total: 2
17:32:45 [DEBUG] Node-3: Vote received from Node 4. Total: 3
17:32:45 [INFO] Node-3: *** BECAME LEADER (Term 104) ***
17:32:49 [WARNING] Node-3: Election timeout (4.46s). Starting election...
17:32:49 [INFO] Node-3: Became CANDIDATE. Term: 106. Requesting votes...
17:32:49 [DEBUG] Node-3: Vote received from Node 5. Total: 2
17:32:49 [DEBUG] Node-3: Vote received from Node 4. Total: 3
17:32:49 [INFO] Node-3: *** BECAME LEADER (Term 106) ***
17:32:55 [WARNING] Node-3: Election timeout (5.19s). Starting election...
17:32:55 [INFO] Node-3: Became CANDIDATE. Term: 108. Requesting votes...
17:32:55 [DEBUG] Node-3: Vote received from Node 5. Total: 2
17:32:55 [DEBUG] Node-3: Vote received from Node 4. Total: 3
17:32:55 [INFO] Node-3: *** BECAME LEADER (Term 108) ***
17:32:58 [WARNING] Node-3: Election timeout (3.23s). Starting election...
17:32:58 [INFO] Node-3: Became CANDIDATE. Term: 110. Requesting votes...
17:32:58 [DEBUG] Node-3: Vote received from Node 2. Total: 2
17:32:58 [DEBUG] Node-3: Vote received from Node 4. Total: 3
17:32:58 [INFO] Node-3: *** BECAME LEADER (Term 110) ***
17:33:01 [WARNING] Node-3: Election timeout (3.53s). Starting election...
17:33:01 [INFO] Node-3: Became CANDIDATE. Term: 112. Requesting votes...
17:33:01 [DEBUG] Node-3: Vote received from Node 2. Total: 2
17:33:01 [DEBUG] Node-3: Vote received from Node 4. Total: 3
17:33:01 [INFO] Node-3: *** BECAME LEADER (Term 112) ***
17:33:06 [WARNING] Node-3: Election timeout (4.26s). Starting election...
17:33:06 [INFO] Node-3: Became CANDIDATE. Term: 114. Requesting votes...
17:33:06 [DEBUG] Node-3: Vote received from Node 2. Total: 2
17:33:06 [DEBUG] Node-3: Vote received from Node 4. Total: 3
17:33:06 [INFO] Node-3: *** BECAME LEADER (Term 114) ***
17:33:10 [WARNING] Node-3: Election timeout (4.16s). Starting election...
17:33:10 [INFO] Node-3: Became CANDIDATE. Term: 116. Requesting votes...
17:33:10 [DEBUG] Node-3: Vote received from Node 4. Total: 2
17:33:10 [DEBUG] Node-3: Vote received from Node 2. Total: 3
17:33:10 [INFO] Node-3: *** BECAME LEADER (Term 116) ***
17:33:15 [WARNING] Node-3: Election timeout (5.07s). Starting election...
17:33:15 [INFO] Node-3: Became CANDIDATE. Term: 118. Requesting votes...
17:33:15 [DEBUG] Node-3: Vote received from Node 4. Total: 2
17:33:15 [DEBUG] Node-3: Vote received from Node 5. Total: 3
17:33:15 [INFO] Node-3: *** BECAME LEADER (Term 118) ***
17:33:19 [WARNING] Node-3: Election timeout (3.94s). Starting election...
17:33:19 [INFO] Node-3: Became CANDIDATE. Term: 120. Requesting votes...
17:33:19 [DEBUG] Node-3: Vote received from Node 4. Total: 2
17:33:19 [DEBUG] Node-3: Vote received from Node 2. Total: 3
17:33:19 [INFO] Node-3: *** BECAME LEADER (Term 120) ***
17:33:24 [WARNING] Node-3: Election timeout (5.18s). Starting election...
17:33:24 [INFO] Node-3: Became CANDIDATE. Term: 122. Requesting votes...
17:33:24 [DEBUG] Node-3: Vote received from Node 4. Total: 2
17:33:24 [DEBUG] Node-3: Vote received from Node 5. Total: 3
17:33:24 [INFO] Node-3: *** BECAME LEADER (Term 122) ***
17:33:28 [WARNING] Node-3: Election timeout (4.46s). Starting election...
17:33:28 [INFO] Node-3: Became CANDIDATE. Term: 124. Requesting votes...
17:33:28 [DEBUG] Node-3: Vote received from Node 4. Total: 2
17:33:28 [DEBUG] Node-3: Vote received from Node 5. Total: 3
17:33:28 [INFO] Node-3: *** BECAME LEADER (Term 124) ***
17:33:33 [WARNING] Node-3: Election timeout (4.56s). Starting election...
17:33:33 [INFO] Node-3: Became CANDIDATE. Term: 126. Requesting votes...
17:33:33 [DEBUG] Node-3: Vote received from Node 2. Total: 2
17:33:33 [DEBUG] Node-3: Vote received from Node 4. Total: 3
17:33:33 [INFO] Node-3: *** BECAME LEADER (Term 126) ***
17:33:38 [WARNING] Node-3: Election timeout (4.98s). Starting election...
17:33:38 [INFO] Node-3: Became CANDIDATE. Term: 128. Requesting votes...
17:33:38 [DEBUG] Node-3: Vote received from Node 5. Total: 2
17:33:38 [DEBUG] Node-3: Vote received from Node 4. Total: 3
17:33:38 [INFO] Node-3: *** BECAME LEADER (Term 128) ***
17:33:42 [WARNING] Node-3: Election timeout (4.07s). Starting election...
17:33:42 [INFO] Node-3: Became CANDIDATE. Term: 130. Requesting votes...
17:33:42 [DEBUG] Node-3: Vote received from Node 4. Total: 2
17:33:42 [DEBUG] Node-3: Vote received from Node 2. Total: 3
17:33:42 [INFO] Node-3: *** BECAME LEADER (Term 130) ***
17:33:46 [WARNING] Node-3: Election timeout (3.64s). Starting election...
17:33:46 [INFO] Node-3: Became CANDIDATE. Term: 132. Requesting votes...
17:33:46 [DEBUG] Node-3: Vote received from Node 5. Total: 2
17:33:46 [DEBUG] Node-3: Vote received from Node 2. Total: 3
17:33:46 [INFO] Node-3: *** BECAME LEADER (Term 132) ***
17:33:50 [WARNING] Node-3: Election timeout (4.56s). Starting election...
17:33:50 [INFO] Node-3: Became CANDIDATE. Term: 134. Requesting votes...
17:33:50 [DEBUG] Node-3: Vote received from Node 4. Total: 2
17:33:50 [DEBUG] Node-3: Vote received from Node 5. Total: 3
17:33:50 [INFO] Node-3: *** BECAME LEADER (Term 134) ***
17:33:59 [INFO] Node-3: Server stopped.
17:34:55 [INFO] Node-3: Node initialized. State: FOLLOWER, Term: 0
17:34:55 [INFO] Node-3: Server started listening on 127.0.0.1:50053
17:34:57 [INFO] Node-3: Voted YES for Node 1 in Term 2
17:35:07 [WARNING] Node-3: Partition updated. Blocked: ['127.0.0.1:50051', '127.0.0.1:50052']
17:35:10 [INFO] Node-3: Voted YES for Node 4 in Term 3
17:35:14 [WARNING] Node-3: Election timeout (3.61s). Starting election...
17:35:14 [INFO] Node-3: Became CANDIDATE. Term: 4. Requesting votes...
17:35:14 [DEBUG] Node-3: Vote received from Node 4. Total: 2
17:35:14 [DEBUG] Node-3: Vote received from Node 5. Total: 3
17:35:14 [INFO] Node-3: *** BECAME LEADER (Term 4) ***
17:35:17 [WARNING] Node-3: Election timeout (3.02s). Starting election...
17:35:17 [INFO] Node-3: Became CANDIDATE. Term: 6. Requesting votes...
17:35:17 [DEBUG] Node-3: Vote received from Node 4. Total: 2
17:35:17 [DEBUG] Node-3: Vote received from Node 5. Total: 3
17:35:17 [INFO] Node-3: *** BECAME LEADER (Term 6) ***
17:35:26 [WARNING] Node-3: Election timeout (9.12s). Starting election...
17:35:26 [INFO] Node-3: Became CANDIDATE. Term: 8. Requesting votes...
17:35:26 [DEBUG] Node-3: Vote received from Node 4. Total: 2
17:35:26 [DEBUG] Node-3: Vote received from Node 5. Total: 3
17:35:26 [INFO] Node-3: *** BECAME LEADER (Term 8) ***
17:35:35 [WARNING] Node-3: Election timeout (8.62s). Starting election...
17:35:35 [INFO] Node-3: Became CANDIDATE. Term: 10. Requesting votes...
17:35:35 [DEBUG] Node-3: Vote received from Node 5. Total: 2
17:35:35 [DEBUG] Node-3: Vote received from Node 4. Total: 3
17:35:35 [INFO] Node-3: *** BECAME LEADER (Term 10) ***
17:35:43 [WARNING] Node-3: Election timeout (8.62s). Starting election...
17:35:43 [INFO] Node-3: Became CANDIDATE. Term: 12. Requesting votes...
17:35:43 [DEBUG] Node-3: Vote received from Node 4. Total: 2
17:35:43 [DEBUG] Node-3: Vote received from Node 5. Total: 3
17:35:43 [INFO] Node-3: *** BECAME LEADER (Term 12) ***
17:35:52 [WARNING] Node-3: Election timeout (8.70s). Starting election...
17:35:52 [INFO] Node-3: Became CANDIDATE. Term: 14. Requesting votes...
17:35:52 [DEBUG] Node-3: Vote received from Node 4. Total: 2
17:35:52 [DEBUG] Node-3: Vote received from Node 5. Total: 3
17:35:52 [INFO] Node-3: *** BECAME LEADER (Term 14) ***
17:36:00 [WARNING] Node-3: Election timeout (8.50s). Starting election...
17:36:00 [INFO] Node-3: Became CANDIDATE. Term: 16. Requesting votes...
17:36:00 [DEBUG] Node-3: Vote received from Node 4. Total: 2
17:36:00 [DEBUG] Node-3: Vote received from Node 5. Total: 3
17:36:00 [INFO] Node-3: *** BECAME LEADER (Term 16) ***
17:36:11 [WARNING] Node-3: Election timeout (10.14s). Starting election...
17:36:11 [INFO] Node-3: Became CANDIDATE. Term: 18. Requesting votes...
17:36:11 [DEBUG] Node-3: Vote received from Node 5. Total: 2
17:36:11 [DEBUG] Node-3: Vote received from Node 4. Total: 3
17:36:11 [INFO] Node-3: *** BECAME LEADER (Term 18) ***
17:36:22 [WARNING] Node-3: Election timeout (11.20s). Starting election...
17:36:22 [INFO] Node-3: Became CANDIDATE. Term: 20. Requesting votes...
17:36:22 [DEBUG] Node-3: Vote received from Node 5. Total: 2
17:36:22 [DEBUG] Node-3: Vote received from Node 4. Total: 3
17:36:22 [INFO] Node-3: *** BECAME LEADER (Term 20) ***
17:36:30 [WARNING] Node-3: Election timeout (8.17s). Starting election...
17:36:30 [INFO] Node-3: Became CANDIDATE. Term: 22. Requesting votes...
17:36:30 [DEBUG] Node-3: Vote received from Node 5. Total: 2
17:36:30 [DEBUG] Node-3: Vote received from Node 4. Total: 3
17:36:30 [INFO] Node-3: *** BECAME LEADER (Term 22) ***
17:36:38 [WARNING] Node-3: Election timeout (8.51s). Starting election...
17:36:38 [INFO] Node-3: Became CANDIDATE. Term: 24. Requesting votes...
17:36:38 [DEBUG] Node-3: Vote received from Node 4. Total: 2
17:36:38 [DEBUG] Node-3: Vote received from Node 5. Total: 3
17:36:38 [INFO] Node-3: *** BECAME LEADER (Term 24) ***
17:36:49 [WARNING] Node-3: Election timeout (10.05s). Starting election...
17:36:49 [INFO] Node-3: Became CANDIDATE. Term: 26. Requesting votes...
17:36:49 [DEBUG] Node-3: Vote received from Node 5. Total: 2
17:36:49 [DEBUG] Node-3: Vote received from Node 4. Total: 3
17:36:49 [INFO] Node-3: *** BECAME LEADER (Term 26) ***
17:36:57 [WARNING] Node-3: Election timeout (8.71s). Starting election...
17:36:57 [INFO] Node-3: Became CANDIDATE. Term: 28. Requesting votes...
17:36:57 [DEBUG] Node-3: Vote received from Node 5. Total: 2
17:36:57 [DEBUG] Node-3: Vote received from Node 4. Total: 3
17:36:57 [INFO] Node-3: *** BECAME LEADER (Term 28) ***
17:37:06 [WARNING] Node-3: Election timeout (8.59s). Starting election...
17:37:06 [INFO] Node-3: Became CANDIDATE. Term: 30. Requesting votes...
17:37:06 [DEBUG] Node-3: Vote received from Node 4. Total: 2
17:37:06 [DEBUG] Node-3: Vote received from Node 5. Total: 3
17:37:06 [INFO] Node-3: *** BECAME LEADER (Term 30) ***
17:37:17 [WARNING] Node-3: Election timeout (11.61s). Starting election...
17:37:17 [INFO] Node-3: Became CANDIDATE. Term: 32. Requesting votes...
17:37:17 [DEBUG] Node-3: Vote received from Node 5. Total: 2
17:37:17 [DEBUG] Node-3: Vote received from Node 4. Total: 3
17:37:17 [INFO] Node-3: *** BECAME LEADER (Term 32) ***
17:37:25 [WARNING] Node-3: Election timeout (8.04s). Starting election...
17:37:25 [INFO] Node-3: Became CANDIDATE. Term: 34. Requesting votes...
17:37:25 [DEBUG] Node-3: Vote received from Node 4. Total: 2
17:37:25 [DEBUG] Node-3: Vote received from Node 5. Total: 3
17:37:25 [INFO] Node-3: *** BECAME LEADER (Term 34) ***
17:37:35 [WARNING] Node-3: Election timeout (9.12s). Starting election...
17:37:35 [INFO] Node-3: Became CANDIDATE. Term: 36. Requesting votes...
17:37:35 [DEBUG] Node-3: Vote received from Node 5. Total: 2
17:37:35 [DEBUG] Node-3: Vote received from Node 4. Total: 3
17:37:35 [INFO] Node-3: *** BECAME LEADER (Term 36) ***
17:37:45 [WARNING] Node-3: Election timeout (10.65s). Starting election...
17:37:45 [INFO] Node-3: Became CANDIDATE. Term: 38. Requesting votes...
17:37:45 [DEBUG] Node-3: Vote received from Node 5. Total: 2
17:37:45 [DEBUG] Node-3: Vote received from Node 4. Total: 3
17:37:45 [INFO] Node-3: *** BECAME LEADER (Term 38) ***
17:37:54 [WARNING] Node-3: Election timeout (9.07s). Starting election...
17:37:54 [INFO] Node-3: Became CANDIDATE. Term: 40. Requesting votes...
17:37:54 [DEBUG] Node-3: Vote received from Node 4. Total: 2
17:37:54 [DEBUG] Node-3: Vote received from Node 5. Total: 3
17:37:54 [INFO] Node-3: *** BECAME LEADER (Term 40) ***
17:38:02 [WARNING] Node-3: Election timeout (7.67s). Starting election...
17:38:02 [INFO] Node-3: Became CANDIDATE. Term: 42. Requesting votes...
17:38:02 [DEBUG] Node-3: Vote received from Node 5. Total: 2
17:38:02 [DEBUG] Node-3: Vote received from Node 4. Total: 3
17:38:02 [INFO] Node-3: *** BECAME LEADER (Term 42) ***
17:38:12 [WARNING] Node-3: Election timeout (10.03s). Starting election...
17:38:12 [INFO] Node-3: Became CANDIDATE. Term: 44. Requesting votes...
17:38:12 [DEBUG] Node-3: Vote received from Node 5. Total: 2
17:38:12 [DEBUG] Node-3: Vote received from Node 4. Total: 3
17:38:12 [INFO] Node-3: *** BECAME LEADER (Term 44) ***
17:38:18 [WARNING] Node-3: Election timeout (6.12s). Starting election...
17:38:18 [INFO] Node-3: Became CANDIDATE. Term: 46. Requesting votes...
17:38:18 [DEBUG] Node-3: Vote received from Node 5. Total: 2
17:38:18 [DEBUG] Node-3: Vote received from Node 4. Total: 3
17:38:18 [INFO] Node-3: *** BECAME LEADER (Term 46) ***
17:38:29 [WARNING] Node-3: Election timeout (10.57s). Starting election...
17:38:29 [INFO] Node-3: Became CANDIDATE. Term: 48. Requesting votes...
17:38:29 [DEBUG] Node-3: Vote received from Node 5. Total: 2
17:38:29 [DEBUG] Node-3: Vote received from Node 4. Total: 3
17:38:29 [INFO] Node-3: *** BECAME LEADER (Term 48) ***
17:38:39 [WARNING] Node-3: Election timeout (10.17s). Starting election...
17:38:39 [INFO] Node-3: Became CANDIDATE. Term: 50. Requesting votes...
17:38:39 [DEBUG] Node-3: Vote received from Node 5. Total: 2
17:38:39 [DEBUG] Node-3: Vote received from Node 4. Total: 3
17:38:39 [INFO] Node-3: *** BECAME LEADER (Term 50) ***
17:38:48 [WARNING] Node-3: Election timeout (9.11s). Starting election...
17:38:48 [INFO] Node-3: Became CANDIDATE. Term: 52. Requesting votes...
17:38:48 [DEBUG] Node-3: Vote received from Node 4. Total: 2
17:38:48 [DEBUG] Node-3: Vote received from Node 5. Total: 3
17:38:48 [INFO] Node-3: *** BECAME LEADER (Term 52) ***
17:38:57 [WARNING] Node-3: Election timeout (8.63s). Starting election...
17:38:57 [INFO] Node-3: Became CANDIDATE. Term: 54. Requesting votes...
17:38:57 [DEBUG] Node-3: Vote received from Node 5. Total: 2
17:38:57 [DEBUG] Node-3: Vote received from Node 4. Total: 3
17:38:57 [INFO] Node-3: *** BECAME LEADER (Term 54) ***
17:39:07 [WARNING] Node-3: Election timeout (10.06s). Starting election...
17:39:07 [INFO] Node-3: Became CANDIDATE. Term: 56. Requesting votes...
17:39:07 [DEBUG] Node-3: Vote received from Node 4. Total: 2
17:39:07 [DEBUG] Node-3: Vote received from Node 5. Total: 3
17:39:07 [INFO] Node-3: *** BECAME LEADER (Term 56) ***
17:39:13 [WARNING] Node-3: Election timeout (6.63s). Starting election...
17:39:13 [INFO] Node-3: Became CANDIDATE. Term: 58. Requesting votes...
17:39:13 [DEBUG] Node-3: Vote received from Node 4. Total: 2
17:39:13 [DEBUG] Node-3: Vote received from Node 5. Total: 3
17:39:13 [INFO] Node-3: *** BECAME LEADER (Term 58) ***
17:39:22 [WARNING] Node-3: Election timeout (8.60s). Starting election...
17:39:22 [INFO] Node-3: Became CANDIDATE. Term: 60. Requesting votes...
17:39:22 [DEBUG] Node-3: Vote received from Node 4. Total: 2
17:39:22 [DEBUG] Node-3: Vote received from Node 5. Total: 3
17:39:22 [INFO] Node-3: *** BECAME LEADER (Term 60) ***
17:39:31 [WARNING] Node-3: Election timeout (9.14s). Starting election...
17:39:31 [INFO] Node-3: Became CANDIDATE. Term: 62. Requesting votes...
17:39:31 [DEBUG] Node-3: Vote received from Node 4. Total: 2
17:39:31 [DEBUG] Node-3: Vote received from Node 5. Total: 3
17:39:31 [INFO] Node-3: *** BECAME LEADER (Term 62) ***
17:39:39 [WARNING] Node-3: Election timeout (7.57s). Starting election...
17:39:39 [INFO] Node-3: Became CANDIDATE. Term: 64. Requesting votes...
17:39:39 [DEBUG] Node-3: Vote received from Node 4. Total: 2
17:39:39 [DEBUG] Node-3: Vote received from Node 5. Total: 3
17:39:39 [INFO] Node-3: *** BECAME LEADER (Term 64) ***
17:39:50 [WARNING] Node-3: Election timeout (11.05s). Starting election...
17:39:50 [INFO] Node-3: Became CANDIDATE. Term: 66. Requesting votes...
17:39:50 [DEBUG] Node-3: Vote received from Node 4. Total: 2
17:39:50 [DEBUG] Node-3: Vote received from Node 5. Total: 3
17:39:50 [INFO] Node-3: *** BECAME LEADER (Term 66) ***
17:39:59 [WARNING] Node-3: Election timeout (9.12s). Starting election...
17:39:59 [INFO] Node-3: Became CANDIDATE. Term: 68. Requesting votes...
17:39:59 [DEBUG] Node-3: Vote received from Node 5. Total: 2
17:39:59 [DEBUG] Node-3: Vote received from Node 4. Total: 3
17:39:59 [INFO] Node-3: *** BECAME LEADER (Term 68) ***
17:40:06 [WARNING] Node-3: Election timeout (7.16s). Starting election...
17:40:06 [INFO] Node-3: Became CANDIDATE. Term: 70. Requesting votes...
17:40:06 [DEBUG] Node-3: Vote received from Node 4. Total: 2
17:40:06 [DEBUG] Node-3: Vote received from Node 5. Total: 3
17:40:06 [INFO] Node-3: *** BECAME LEADER (Term 70) ***
17:40:16 [WARNING] Node-3: Election timeout (10.05s). Starting election...
17:40:16 [INFO] Node-3: Became CANDIDATE. Term: 72. Requesting votes...
17:40:16 [DEBUG] Node-3: Vote received from Node 4. Total: 2
17:40:16 [DEBUG] Node-3: Vote received from Node 5. Total: 3
17:40:16 [INFO] Node-3: *** BECAME LEADER (Term 72) ***
17:40:27 [INFO] Node-3: Server stopped.
17:40:44 [INFO] Node-3: Node initialized. State: FOLLOWER, Term: 0
17:40:44 [INFO] Node-3: Server started listening on 127.0.0.1:50053
17:40:48 [INFO] Node-3: Voted YES for Node 1 in Term 2
17:42:03 [WARNING] Node-3: Partition updated. Blocked: ['127.0.0.1:50051', '127.0.0.1:50052']
17:42:07 [WARNING] Node-3: Election timeout (4.57s). Starting election...
17:42:07 [INFO] Node-3: Became CANDIDATE. Term: 3. Requesting votes...
17:42:07 [INFO] Node-3: *** BECAME LEADER (Term 3) ***
17:45:37 [INFO] Node-3: Server stopped.
17:45:55 [INFO] Node-3: Node initialized. State: FOLLOWER, Term: 0
17:45:55 [INFO] Node-3: Server started listening on 127.0.0.1:50053
17:45:56 [INFO] Node-3: Voted YES for Node 1 in Term 2
17:46:19 [WARNING] Node-3: Partition updated. Blocked: ['127.0.0.1:50051', '127.0.0.1:50052']
17:46:22 [WARNING] Node-3: Election timeout (3.12s). Starting election...
17:46:22 [INFO] Node-3: Became CANDIDATE. Term: 3. Requesting votes...
17:46:22 [INFO] Node-3: *** BECAME LEADER (Term 3) ***
17:50:20 [INFO] Node-3: Client command received. Appended to index 1
17:50:20 [INFO] Node-3: Leader committed index 1
17:50:20 [INFO] Node-3: Checking committed entry... APPLIED TO DB: partitions = test_notfail
17:53:21 [WARNING] Node-3: Partition updated. Blocked: []
17:53:21 [WARNING] Node-3: Election timeout (418.69s). Starting election...
17:53:21 [INFO] Node-3: Became CANDIDATE. Term: 5. Requesting votes...
17:53:21 [INFO] Node-3: *** BECAME LEADER (Term 5) ***
